[2022-06-20 15:32:33] production.ERROR: No application encryption key has been specified. {"exception":"[object] (Illuminate\\Encryption\\MissingAppKeyException(code: 0): No application encryption key has been specified. at /home/pablo/dev/CGT/Laravel-8-User-Roles-and-Permissions-Step-by-Step-Tutorial-master/vendor/laravel/framework/src/Illuminate/Encryption/EncryptionServiceProvider.php:101)
[stacktrace]
#0 /home/pablo/dev/CGT/Laravel-8-User-Roles-and-Permissions-Step-by-Step-Tutorial-master/vendor/laravel/framework/src/Illuminate/Support/helpers.php(263): Illuminate\\Encryption\\EncryptionServiceProvider->Illuminate\\Encryption\\{closure}()
#1 /home/pablo/dev/CGT/Laravel-8-User-Roles-and-Permissions-Step-by-Step-Tutorial-master/vendor/laravel/framework/src/Illuminate/Encryption/EncryptionServiceProvider.php(103): tap()
#2 /home/pablo/dev/CGT/Laravel-8-User-Roles-and-Permissions-Step-by-Step-Tutorial-master/vendor/laravel/framework/src/Illuminate/Encryption/EncryptionServiceProvider.php(82): Illuminate\\Encryption\\EncryptionServiceProvider->key()
#3 /home/pablo/dev/CGT/Laravel-8-User-Roles-and-Permissions-Step-by-Step-Tutorial-master/vendor/laravel/framework/src/Illuminate/Encryption/EncryptionServiceProvider.php(34): Illuminate\\Encryption\\EncryptionServiceProvider->parseKey()
#4 /home/pablo/dev/CGT/Laravel-8-User-Roles-and-Permissions-Step-by-Step-Tutorial-master/vendor/laravel/framework/src/Illuminate/Container/Container.php(873): Illuminate\\Encryption\\EncryptionServiceProvider->Illuminate\\Encryption\\{closure}()
#5 /home/pablo/dev/CGT/Laravel-8-User-Roles-and-Permissions-Step-by-Step-Tutorial-master/vendor/laravel/framework/src/Illuminate/Container/Container.php(758): Illuminate\\Container\\Container->build()
#6 /home/pablo/dev/CGT/Laravel-8-User-Roles-and-Permissions-Step-by-Step-Tutorial-master/vendor/laravel/framework/src/Illuminate/Foundation/Application.php(851): Illuminate\\Container\\Container->resolve()
#7 /home/pablo/dev/CGT/Laravel-8-User-Roles-and-Permissions-Step-by-Step-Tutorial-master/vendor/laravel/framework/src/Illuminate/Container/Container.php(694): Illuminate\\Foundation\\Application->resolve()
#8 /home/pablo/dev/CGT/Laravel-8-User-Roles-and-Permissions-Step-by-Step-Tutorial-master/vendor/laravel/framework/src/Illuminate/Foundation/Application.php(836): Illuminate\\Container\\Container->make()
#9 /home/pablo/dev/CGT/Laravel-8-User-Roles-and-Permissions-Step-by-Step-Tutorial-master/vendor/laravel/framework/src/Illuminate/Container/Container.php(1027): Illuminate\\Foundation\\Application->make()
#10 /home/pablo/dev/CGT/Laravel-8-User-Roles-and-Permissions-Step-by-Step-Tutorial-master/vendor/laravel/framework/src/Illuminate/Container/Container.php(947): Illuminate\\Container\\Container->resolveClass()
#11 /home/pablo/dev/CGT/Laravel-8-User-Roles-and-Permissions-Step-by-Step-Tutorial-master/vendor/laravel/framework/src/Illuminate/Container/Container.php(908): Illuminate\\Container\\Container->resolveDependencies()
#12 /home/pablo/dev/CGT/Laravel-8-User-Roles-and-Permissions-Step-by-Step-Tutorial-master/vendor/laravel/framework/src/Illuminate/Container/Container.php(758): Illuminate\\Container\\Container->build()
#13 /home/pablo/dev/CGT/Laravel-8-User-Roles-and-Permissions-Step-by-Step-Tutorial-master/vendor/laravel/framework/src/Illuminate/Foundation/Application.php(851): Illuminate\\Container\\Container->resolve()
#14 /home/pablo/dev/CGT/Laravel-8-User-Roles-and-Permissions-Step-by-Step-Tutorial-master/vendor/laravel/framework/src/Illuminate/Container/Container.php(694): Illuminate\\Foundation\\Application->resolve()
#15 /home/pablo/dev/CGT/Laravel-8-User-Roles-and-Permissions-Step-by-Step-Tutorial-master/vendor/laravel/framework/src/Illuminate/Foundation/Application.php(836): Illuminate\\Container\\Container->make()
#16 /home/pablo/dev/CGT/Laravel-8-User-Roles-and-Permissions-Step-by-Step-Tutorial-master/vendor/laravel/framework/src/Illuminate/Pipeline/Pipeline.php(156): Illuminate\\Foundation\\Application->make()
#17 /home/pablo/dev/CGT/Laravel-8-User-Roles-and-Permissions-Step-by-Step-Tutorial-master/vendor/laravel/framework/src/Illuminate/Pipeline/Pipeline.php(103): Illuminate\\Pipeline\\Pipeline->Illuminate\\Pipeline\\{closure}()
#18 /home/pablo/dev/CGT/Laravel-8-User-Roles-and-Permissions-Step-by-Step-Tutorial-master/vendor/laravel/framework/src/Illuminate/Routing/Router.php(723): Illuminate\\Pipeline\\Pipeline->then()
#19 /home/pablo/dev/CGT/Laravel-8-User-Roles-and-Permissions-Step-by-Step-Tutorial-master/vendor/laravel/framework/src/Illuminate/Routing/Router.php(698): Illuminate\\Routing\\Router->runRouteWithinStack()
#20 /home/pablo/dev/CGT/Laravel-8-User-Roles-and-Permissions-Step-by-Step-Tutorial-master/vendor/laravel/framework/src/Illuminate/Routing/Router.php(662): Illuminate\\Routing\\Router->runRoute()
#21 /home/pablo/dev/CGT/Laravel-8-User-Roles-and-Permissions-Step-by-Step-Tutorial-master/vendor/laravel/framework/src/Illuminate/Routing/Router.php(651): Illuminate\\Routing\\Router->dispatchToRoute()
#22 /home/pablo/dev/CGT/Laravel-8-User-Roles-and-Permissions-Step-by-Step-Tutorial-master/vendor/laravel/framework/src/Illuminate/Foundation/Http/Kernel.php(167): Illuminate\\Routing\\Router->dispatch()
#23 /home/pablo/dev/CGT/Laravel-8-User-Roles-and-Permissions-Step-by-Step-Tutorial-master/vendor/laravel/framework/src/Illuminate/Pipeline/Pipeline.php(128): Illuminate\\Foundation\\Http\\Kernel->Illuminate\\Foundation\\Http\\{closure}()
#24 /home/pablo/dev/CGT/Laravel-8-User-Roles-and-Permissions-Step-by-Step-Tutorial-master/vendor/laravel/framework/src/Illuminate/Foundation/Http/Middleware/TransformsRequest.php(21): Illuminate\\Pipeline\\Pipeline->Illuminate\\Pipeline\\{closure}()
#25 /home/pablo/dev/CGT/Laravel-8-User-Roles-and-Permissions-Step-by-Step-Tutorial-master/vendor/laravel/framework/src/Illuminate/Foundation/Http/Middleware/ConvertEmptyStringsToNull.php(31): Illuminate\\Foundation\\Http\\Middleware\\TransformsRequest->handle()
#26 /home/pablo/dev/CGT/Laravel-8-User-Roles-and-Permissions-Step-by-Step-Tutorial-master/vendor/laravel/framework/src/Illuminate/Pipeline/Pipeline.php(167): Illuminate\\Foundation\\Http\\Middleware\\ConvertEmptyStringsToNull->handle()
#27 /home/pablo/dev/CGT/Laravel-8-User-Roles-and-Permissions-Step-by-Step-Tutorial-master/vendor/laravel/framework/src/Illuminate/Foundation/Http/Middleware/TransformsRequest.php(21): Illuminate\\Pipeline\\Pipeline->Illuminate\\Pipeline\\{closure}()
#28 /home/pablo/dev/CGT/Laravel-8-User-Roles-and-Permissions-Step-by-Step-Tutorial-master/vendor/laravel/framework/src/Illuminate/Foundation/Http/Middleware/TrimStrings.php(40): Illuminate\\Foundation\\Http\\Middleware\\TransformsRequest->handle()
#29 /home/pablo/dev/CGT/Laravel-8-User-Roles-and-Permissions-Step-by-Step-Tutorial-master/vendor/laravel/framework/src/Illuminate/Pipeline/Pipeline.php(167): Illuminate\\Foundation\\Http\\Middleware\\TrimStrings->handle()
#30 /home/pablo/dev/CGT/Laravel-8-User-Roles-and-Permissions-Step-by-Step-Tutorial-master/vendor/laravel/framework/src/Illuminate/Foundation/Http/Middleware/ValidatePostSize.php(27): Illuminate\\Pipeline\\Pipeline->Illuminate\\Pipeline\\{closure}()
#31 /home/pablo/dev/CGT/Laravel-8-User-Roles-and-Permissions-Step-by-Step-Tutorial-master/vendor/laravel/framework/src/Illuminate/Pipeline/Pipeline.php(167): Illuminate\\Foundation\\Http\\Middleware\\ValidatePostSize->handle()
#32 /home/pablo/dev/CGT/Laravel-8-User-Roles-and-Permissions-Step-by-Step-Tutorial-master/vendor/laravel/framework/src/Illuminate/Foundation/Http/Middleware/PreventRequestsDuringMaintenance.php(86): Illuminate\\Pipeline\\Pipeline->Illuminate\\Pipeline\\{closure}()
#33 /home/pablo/dev/CGT/Laravel-8-User-Roles-and-Permissions-Step-by-Step-Tutorial-master/vendor/laravel/framework/src/Illuminate/Pipeline/Pipeline.php(167): Illuminate\\Foundation\\Http\\Middleware\\PreventRequestsDuringMaintenance->handle()
#34 /home/pablo/dev/CGT/Laravel-8-User-Roles-and-Permissions-Step-by-Step-Tutorial-master/vendor/fruitcake/laravel-cors/src/HandleCors.php(38): Illuminate\\Pipeline\\Pipeline->Illuminate\\Pipeline\\{closure}()
#35 /home/pablo/dev/CGT/Laravel-8-User-Roles-and-Permissions-Step-by-Step-Tutorial-master/vendor/laravel/framework/src/Illuminate/Pipeline/Pipeline.php(167): Fruitcake\\Cors\\HandleCors->handle()
#36 /home/pablo/dev/CGT/Laravel-8-User-Roles-and-Permissions-Step-by-Step-Tutorial-master/vendor/laravel/framework/src/Illuminate/Http/Middleware/TrustProxies.php(39): Illuminate\\Pipeline\\Pipeline->Illuminate\\Pipeline\\{closure}()
#37 /home/pablo/dev/CGT/Laravel-8-User-Roles-and-Permissions-Step-by-Step-Tutorial-master/vendor/laravel/framework/src/Illuminate/Pipeline/Pipeline.php(167): Illuminate\\Http\\Middleware\\TrustProxies->handle()
#38 /home/pablo/dev/CGT/Laravel-8-User-Roles-and-Permissions-Step-by-Step-Tutorial-master/vendor/laravel/framework/src/Illuminate/Pipeline/Pipeline.php(103): Illuminate\\Pipeline\\Pipeline->Illuminate\\Pipeline\\{closure}()
#39 /home/pablo/dev/CGT/Laravel-8-User-Roles-and-Permissions-Step-by-Step-Tutorial-master/vendor/laravel/framework/src/Illuminate/Foundation/Http/Kernel.php(142): Illuminate\\Pipeline\\Pipeline->then()
#40 /home/pablo/dev/CGT/Laravel-8-User-Roles-and-Permissions-Step-by-Step-Tutorial-master/vendor/laravel/framework/src/Illuminate/Foundation/Http/Kernel.php(111): Illuminate\\Foundation\\Http\\Kernel->sendRequestThroughRouter()
#41 /home/pablo/dev/CGT/Laravel-8-User-Roles-and-Permissions-Step-by-Step-Tutorial-master/public/index.php(52): Illuminate\\Foundation\\Http\\Kernel->handle()
#42 /home/pablo/dev/CGT/Laravel-8-User-Roles-and-Permissions-Step-by-Step-Tutorial-master/server.php(21): require_once('...')
#43 {main}
"} 
[2022-06-20 15:32:33] production.ERROR: No application encryption key has been specified. {"exception":"[object] (Illuminate\\Encryption\\MissingAppKeyException(code: 0): No application encryption key has been specified. at /home/pablo/dev/CGT/Laravel-8-User-Roles-and-Permissions-Step-by-Step-Tutorial-master/vendor/laravel/framework/src/Illuminate/Encryption/EncryptionServiceProvider.php:101)
[stacktrace]
#0 /home/pablo/dev/CGT/Laravel-8-User-Roles-and-Permissions-Step-by-Step-Tutorial-master/vendor/laravel/framework/src/Illuminate/Support/helpers.php(263): Illuminate\\Encryption\\EncryptionServiceProvider->Illuminate\\Encryption\\{closure}()
#1 /home/pablo/dev/CGT/Laravel-8-User-Roles-and-Permissions-Step-by-Step-Tutorial-master/vendor/laravel/framework/src/Illuminate/Encryption/EncryptionServiceProvider.php(103): tap()
#2 /home/pablo/dev/CGT/Laravel-8-User-Roles-and-Permissions-Step-by-Step-Tutorial-master/vendor/laravel/framework/src/Illuminate/Encryption/EncryptionServiceProvider.php(82): Illuminate\\Encryption\\EncryptionServiceProvider->key()
#3 /home/pablo/dev/CGT/Laravel-8-User-Roles-and-Permissions-Step-by-Step-Tutorial-master/vendor/laravel/framework/src/Illuminate/Encryption/EncryptionServiceProvider.php(34): Illuminate\\Encryption\\EncryptionServiceProvider->parseKey()
#4 /home/pablo/dev/CGT/Laravel-8-User-Roles-and-Permissions-Step-by-Step-Tutorial-master/vendor/laravel/framework/src/Illuminate/Container/Container.php(873): Illuminate\\Encryption\\EncryptionServiceProvider->Illuminate\\Encryption\\{closure}()
#5 /home/pablo/dev/CGT/Laravel-8-User-Roles-and-Permissions-Step-by-Step-Tutorial-master/vendor/laravel/framework/src/Illuminate/Container/Container.php(758): Illuminate\\Container\\Container->build()
#6 /home/pablo/dev/CGT/Laravel-8-User-Roles-and-Permissions-Step-by-Step-Tutorial-master/vendor/laravel/framework/src/Illuminate/Foundation/Application.php(851): Illuminate\\Container\\Container->resolve()
#7 /home/pablo/dev/CGT/Laravel-8-User-Roles-and-Permissions-Step-by-Step-Tutorial-master/vendor/laravel/framework/src/Illuminate/Container/Container.php(694): Illuminate\\Foundation\\Application->resolve()
#8 /home/pablo/dev/CGT/Laravel-8-User-Roles-and-Permissions-Step-by-Step-Tutorial-master/vendor/laravel/framework/src/Illuminate/Foundation/Application.php(836): Illuminate\\Container\\Container->make()
#9 /home/pablo/dev/CGT/Laravel-8-User-Roles-and-Permissions-Step-by-Step-Tutorial-master/vendor/laravel/framework/src/Illuminate/Container/Container.php(1027): Illuminate\\Foundation\\Application->make()
#10 /home/pablo/dev/CGT/Laravel-8-User-Roles-and-Permissions-Step-by-Step-Tutorial-master/vendor/laravel/framework/src/Illuminate/Container/Container.php(947): Illuminate\\Container\\Container->resolveClass()
#11 /home/pablo/dev/CGT/Laravel-8-User-Roles-and-Permissions-Step-by-Step-Tutorial-master/vendor/laravel/framework/src/Illuminate/Container/Container.php(908): Illuminate\\Container\\Container->resolveDependencies()
#12 /home/pablo/dev/CGT/Laravel-8-User-Roles-and-Permissions-Step-by-Step-Tutorial-master/vendor/laravel/framework/src/Illuminate/Container/Container.php(758): Illuminate\\Container\\Container->build()
#13 /home/pablo/dev/CGT/Laravel-8-User-Roles-and-Permissions-Step-by-Step-Tutorial-master/vendor/laravel/framework/src/Illuminate/Foundation/Application.php(851): Illuminate\\Container\\Container->resolve()
#14 /home/pablo/dev/CGT/Laravel-8-User-Roles-and-Permissions-Step-by-Step-Tutorial-master/vendor/laravel/framework/src/Illuminate/Container/Container.php(694): Illuminate\\Foundation\\Application->resolve()
#15 /home/pablo/dev/CGT/Laravel-8-User-Roles-and-Permissions-Step-by-Step-Tutorial-master/vendor/laravel/framework/src/Illuminate/Foundation/Application.php(836): Illuminate\\Container\\Container->make()
#16 /home/pablo/dev/CGT/Laravel-8-User-Roles-and-Permissions-Step-by-Step-Tutorial-master/vendor/laravel/framework/src/Illuminate/Foundation/Http/Kernel.php(206): Illuminate\\Foundation\\Application->make()
#17 /home/pablo/dev/CGT/Laravel-8-User-Roles-and-Permissions-Step-by-Step-Tutorial-master/vendor/laravel/framework/src/Illuminate/Foundation/Http/Kernel.php(180): Illuminate\\Foundation\\Http\\Kernel->terminateMiddleware()
#18 /home/pablo/dev/CGT/Laravel-8-User-Roles-and-Permissions-Step-by-Step-Tutorial-master/public/index.php(55): Illuminate\\Foundation\\Http\\Kernel->terminate()
#19 /home/pablo/dev/CGT/Laravel-8-User-Roles-and-Permissions-Step-by-Step-Tutorial-master/server.php(21): require_once('...')
#20 {main}
"} 
[2022-06-20 15:32:46] production.ERROR: No application encryption key has been specified. {"exception":"[object] (Illuminate\\Encryption\\MissingAppKeyException(code: 0): No application encryption key has been specified. at /home/pablo/dev/CGT/Laravel-8-User-Roles-and-Permissions-Step-by-Step-Tutorial-master/vendor/laravel/framework/src/Illuminate/Encryption/EncryptionServiceProvider.php:101)
[stacktrace]
#0 /home/pablo/dev/CGT/Laravel-8-User-Roles-and-Permissions-Step-by-Step-Tutorial-master/vendor/laravel/framework/src/Illuminate/Support/helpers.php(263): Illuminate\\Encryption\\EncryptionServiceProvider->Illuminate\\Encryption\\{closure}()
#1 /home/pablo/dev/CGT/Laravel-8-User-Roles-and-Permissions-Step-by-Step-Tutorial-master/vendor/laravel/framework/src/Illuminate/Encryption/EncryptionServiceProvider.php(103): tap()
#2 /home/pablo/dev/CGT/Laravel-8-User-Roles-and-Permissions-Step-by-Step-Tutorial-master/vendor/laravel/framework/src/Illuminate/Encryption/EncryptionServiceProvider.php(82): Illuminate\\Encryption\\EncryptionServiceProvider->key()
#3 /home/pablo/dev/CGT/Laravel-8-User-Roles-and-Permissions-Step-by-Step-Tutorial-master/vendor/laravel/framework/src/Illuminate/Encryption/EncryptionServiceProvider.php(34): Illuminate\\Encryption\\EncryptionServiceProvider->parseKey()
#4 /home/pablo/dev/CGT/Laravel-8-User-Roles-and-Permissions-Step-by-Step-Tutorial-master/vendor/laravel/framework/src/Illuminate/Container/Container.php(873): Illuminate\\Encryption\\EncryptionServiceProvider->Illuminate\\Encryption\\{closure}()
#5 /home/pablo/dev/CGT/Laravel-8-User-Roles-and-Permissions-Step-by-Step-Tutorial-master/vendor/laravel/framework/src/Illuminate/Container/Container.php(758): Illuminate\\Container\\Container->build()
#6 /home/pablo/dev/CGT/Laravel-8-User-Roles-and-Permissions-Step-by-Step-Tutorial-master/vendor/laravel/framework/src/Illuminate/Foundation/Application.php(851): Illuminate\\Container\\Container->resolve()
#7 /home/pablo/dev/CGT/Laravel-8-User-Roles-and-Permissions-Step-by-Step-Tutorial-master/vendor/laravel/framework/src/Illuminate/Container/Container.php(694): Illuminate\\Foundation\\Application->resolve()
#8 /home/pablo/dev/CGT/Laravel-8-User-Roles-and-Permissions-Step-by-Step-Tutorial-master/vendor/laravel/framework/src/Illuminate/Foundation/Application.php(836): Illuminate\\Container\\Container->make()
#9 /home/pablo/dev/CGT/Laravel-8-User-Roles-and-Permissions-Step-by-Step-Tutorial-master/vendor/laravel/framework/src/Illuminate/Container/Container.php(1027): Illuminate\\Foundation\\Application->make()
#10 /home/pablo/dev/CGT/Laravel-8-User-Roles-and-Permissions-Step-by-Step-Tutorial-master/vendor/laravel/framework/src/Illuminate/Container/Container.php(947): Illuminate\\Container\\Container->resolveClass()
#11 /home/pablo/dev/CGT/Laravel-8-User-Roles-and-Permissions-Step-by-Step-Tutorial-master/vendor/laravel/framework/src/Illuminate/Container/Container.php(908): Illuminate\\Container\\Container->resolveDependencies()
#12 /home/pablo/dev/CGT/Laravel-8-User-Roles-and-Permissions-Step-by-Step-Tutorial-master/vendor/laravel/framework/src/Illuminate/Container/Container.php(758): Illuminate\\Container\\Container->build()
#13 /home/pablo/dev/CGT/Laravel-8-User-Roles-and-Permissions-Step-by-Step-Tutorial-master/vendor/laravel/framework/src/Illuminate/Foundation/Application.php(851): Illuminate\\Container\\Container->resolve()
#14 /home/pablo/dev/CGT/Laravel-8-User-Roles-and-Permissions-Step-by-Step-Tutorial-master/vendor/laravel/framework/src/Illuminate/Container/Container.php(694): Illuminate\\Foundation\\Application->resolve()
#15 /home/pablo/dev/CGT/Laravel-8-User-Roles-and-Permissions-Step-by-Step-Tutorial-master/vendor/laravel/framework/src/Illuminate/Foundation/Application.php(836): Illuminate\\Container\\Container->make()
#16 /home/pablo/dev/CGT/Laravel-8-User-Roles-and-Permissions-Step-by-Step-Tutorial-master/vendor/laravel/framework/src/Illuminate/Pipeline/Pipeline.php(156): Illuminate\\Foundation\\Application->make()
#17 /home/pablo/dev/CGT/Laravel-8-User-Roles-and-Permissions-Step-by-Step-Tutorial-master/vendor/laravel/framework/src/Illuminate/Pipeline/Pipeline.php(103): Illuminate\\Pipeline\\Pipeline->Illuminate\\Pipeline\\{closure}()
#18 /home/pablo/dev/CGT/Laravel-8-User-Roles-and-Permissions-Step-by-Step-Tutorial-master/vendor/laravel/framework/src/Illuminate/Routing/Router.php(723): Illuminate\\Pipeline\\Pipeline->then()
#19 /home/pablo/dev/CGT/Laravel-8-User-Roles-and-Permissions-Step-by-Step-Tutorial-master/vendor/laravel/framework/src/Illuminate/Routing/Router.php(698): Illuminate\\Routing\\Router->runRouteWithinStack()
#20 /home/pablo/dev/CGT/Laravel-8-User-Roles-and-Permissions-Step-by-Step-Tutorial-master/vendor/laravel/framework/src/Illuminate/Routing/Router.php(662): Illuminate\\Routing\\Router->runRoute()
#21 /home/pablo/dev/CGT/Laravel-8-User-Roles-and-Permissions-Step-by-Step-Tutorial-master/vendor/laravel/framework/src/Illuminate/Routing/Router.php(651): Illuminate\\Routing\\Router->dispatchToRoute()
#22 /home/pablo/dev/CGT/Laravel-8-User-Roles-and-Permissions-Step-by-Step-Tutorial-master/vendor/laravel/framework/src/Illuminate/Foundation/Http/Kernel.php(167): Illuminate\\Routing\\Router->dispatch()
#23 /home/pablo/dev/CGT/Laravel-8-User-Roles-and-Permissions-Step-by-Step-Tutorial-master/vendor/laravel/framework/src/Illuminate/Pipeline/Pipeline.php(128): Illuminate\\Foundation\\Http\\Kernel->Illuminate\\Foundation\\Http\\{closure}()
#24 /home/pablo/dev/CGT/Laravel-8-User-Roles-and-Permissions-Step-by-Step-Tutorial-master/vendor/laravel/framework/src/Illuminate/Foundation/Http/Middleware/TransformsRequest.php(21): Illuminate\\Pipeline\\Pipeline->Illuminate\\Pipeline\\{closure}()
#25 /home/pablo/dev/CGT/Laravel-8-User-Roles-and-Permissions-Step-by-Step-Tutorial-master/vendor/laravel/framework/src/Illuminate/Foundation/Http/Middleware/ConvertEmptyStringsToNull.php(31): Illuminate\\Foundation\\Http\\Middleware\\TransformsRequest->handle()
#26 /home/pablo/dev/CGT/Laravel-8-User-Roles-and-Permissions-Step-by-Step-Tutorial-master/vendor/laravel/framework/src/Illuminate/Pipeline/Pipeline.php(167): Illuminate\\Foundation\\Http\\Middleware\\ConvertEmptyStringsToNull->handle()
#27 /home/pablo/dev/CGT/Laravel-8-User-Roles-and-Permissions-Step-by-Step-Tutorial-master/vendor/laravel/framework/src/Illuminate/Foundation/Http/Middleware/TransformsRequest.php(21): Illuminate\\Pipeline\\Pipeline->Illuminate\\Pipeline\\{closure}()
#28 /home/pablo/dev/CGT/Laravel-8-User-Roles-and-Permissions-Step-by-Step-Tutorial-master/vendor/laravel/framework/src/Illuminate/Foundation/Http/Middleware/TrimStrings.php(40): Illuminate\\Foundation\\Http\\Middleware\\TransformsRequest->handle()
#29 /home/pablo/dev/CGT/Laravel-8-User-Roles-and-Permissions-Step-by-Step-Tutorial-master/vendor/laravel/framework/src/Illuminate/Pipeline/Pipeline.php(167): Illuminate\\Foundation\\Http\\Middleware\\TrimStrings->handle()
#30 /home/pablo/dev/CGT/Laravel-8-User-Roles-and-Permissions-Step-by-Step-Tutorial-master/vendor/laravel/framework/src/Illuminate/Foundation/Http/Middleware/ValidatePostSize.php(27): Illuminate\\Pipeline\\Pipeline->Illuminate\\Pipeline\\{closure}()
#31 /home/pablo/dev/CGT/Laravel-8-User-Roles-and-Permissions-Step-by-Step-Tutorial-master/vendor/laravel/framework/src/Illuminate/Pipeline/Pipeline.php(167): Illuminate\\Foundation\\Http\\Middleware\\ValidatePostSize->handle()
#32 /home/pablo/dev/CGT/Laravel-8-User-Roles-and-Permissions-Step-by-Step-Tutorial-master/vendor/laravel/framework/src/Illuminate/Foundation/Http/Middleware/PreventRequestsDuringMaintenance.php(86): Illuminate\\Pipeline\\Pipeline->Illuminate\\Pipeline\\{closure}()
#33 /home/pablo/dev/CGT/Laravel-8-User-Roles-and-Permissions-Step-by-Step-Tutorial-master/vendor/laravel/framework/src/Illuminate/Pipeline/Pipeline.php(167): Illuminate\\Foundation\\Http\\Middleware\\PreventRequestsDuringMaintenance->handle()
#34 /home/pablo/dev/CGT/Laravel-8-User-Roles-and-Permissions-Step-by-Step-Tutorial-master/vendor/fruitcake/laravel-cors/src/HandleCors.php(38): Illuminate\\Pipeline\\Pipeline->Illuminate\\Pipeline\\{closure}()
#35 /home/pablo/dev/CGT/Laravel-8-User-Roles-and-Permissions-Step-by-Step-Tutorial-master/vendor/laravel/framework/src/Illuminate/Pipeline/Pipeline.php(167): Fruitcake\\Cors\\HandleCors->handle()
#36 /home/pablo/dev/CGT/Laravel-8-User-Roles-and-Permissions-Step-by-Step-Tutorial-master/vendor/laravel/framework/src/Illuminate/Http/Middleware/TrustProxies.php(39): Illuminate\\Pipeline\\Pipeline->Illuminate\\Pipeline\\{closure}()
#37 /home/pablo/dev/CGT/Laravel-8-User-Roles-and-Permissions-Step-by-Step-Tutorial-master/vendor/laravel/framework/src/Illuminate/Pipeline/Pipeline.php(167): Illuminate\\Http\\Middleware\\TrustProxies->handle()
#38 /home/pablo/dev/CGT/Laravel-8-User-Roles-and-Permissions-Step-by-Step-Tutorial-master/vendor/laravel/framework/src/Illuminate/Pipeline/Pipeline.php(103): Illuminate\\Pipeline\\Pipeline->Illuminate\\Pipeline\\{closure}()
#39 /home/pablo/dev/CGT/Laravel-8-User-Roles-and-Permissions-Step-by-Step-Tutorial-master/vendor/laravel/framework/src/Illuminate/Foundation/Http/Kernel.php(142): Illuminate\\Pipeline\\Pipeline->then()
#40 /home/pablo/dev/CGT/Laravel-8-User-Roles-and-Permissions-Step-by-Step-Tutorial-master/vendor/laravel/framework/src/Illuminate/Foundation/Http/Kernel.php(111): Illuminate\\Foundation\\Http\\Kernel->sendRequestThroughRouter()
#41 /home/pablo/dev/CGT/Laravel-8-User-Roles-and-Permissions-Step-by-Step-Tutorial-master/public/index.php(52): Illuminate\\Foundation\\Http\\Kernel->handle()
#42 /home/pablo/dev/CGT/Laravel-8-User-Roles-and-Permissions-Step-by-Step-Tutorial-master/server.php(21): require_once('...')
#43 {main}
"} 
[2022-06-20 15:32:46] production.ERROR: No application encryption key has been specified. {"exception":"[object] (Illuminate\\Encryption\\MissingAppKeyException(code: 0): No application encryption key has been specified. at /home/pablo/dev/CGT/Laravel-8-User-Roles-and-Permissions-Step-by-Step-Tutorial-master/vendor/laravel/framework/src/Illuminate/Encryption/EncryptionServiceProvider.php:101)
[stacktrace]
#0 /home/pablo/dev/CGT/Laravel-8-User-Roles-and-Permissions-Step-by-Step-Tutorial-master/vendor/laravel/framework/src/Illuminate/Support/helpers.php(263): Illuminate\\Encryption\\EncryptionServiceProvider->Illuminate\\Encryption\\{closure}()
#1 /home/pablo/dev/CGT/Laravel-8-User-Roles-and-Permissions-Step-by-Step-Tutorial-master/vendor/laravel/framework/src/Illuminate/Encryption/EncryptionServiceProvider.php(103): tap()
#2 /home/pablo/dev/CGT/Laravel-8-User-Roles-and-Permissions-Step-by-Step-Tutorial-master/vendor/laravel/framework/src/Illuminate/Encryption/EncryptionServiceProvider.php(82): Illuminate\\Encryption\\EncryptionServiceProvider->key()
#3 /home/pablo/dev/CGT/Laravel-8-User-Roles-and-Permissions-Step-by-Step-Tutorial-master/vendor/laravel/framework/src/Illuminate/Encryption/EncryptionServiceProvider.php(34): Illuminate\\Encryption\\EncryptionServiceProvider->parseKey()
#4 /home/pablo/dev/CGT/Laravel-8-User-Roles-and-Permissions-Step-by-Step-Tutorial-master/vendor/laravel/framework/src/Illuminate/Container/Container.php(873): Illuminate\\Encryption\\EncryptionServiceProvider->Illuminate\\Encryption\\{closure}()
#5 /home/pablo/dev/CGT/Laravel-8-User-Roles-and-Permissions-Step-by-Step-Tutorial-master/vendor/laravel/framework/src/Illuminate/Container/Container.php(758): Illuminate\\Container\\Container->build()
#6 /home/pablo/dev/CGT/Laravel-8-User-Roles-and-Permissions-Step-by-Step-Tutorial-master/vendor/laravel/framework/src/Illuminate/Foundation/Application.php(851): Illuminate\\Container\\Container->resolve()
#7 /home/pablo/dev/CGT/Laravel-8-User-Roles-and-Permissions-Step-by-Step-Tutorial-master/vendor/laravel/framework/src/Illuminate/Container/Container.php(694): Illuminate\\Foundation\\Application->resolve()
#8 /home/pablo/dev/CGT/Laravel-8-User-Roles-and-Permissions-Step-by-Step-Tutorial-master/vendor/laravel/framework/src/Illuminate/Foundation/Application.php(836): Illuminate\\Container\\Container->make()
#9 /home/pablo/dev/CGT/Laravel-8-User-Roles-and-Permissions-Step-by-Step-Tutorial-master/vendor/laravel/framework/src/Illuminate/Container/Container.php(1027): Illuminate\\Foundation\\Application->make()
#10 /home/pablo/dev/CGT/Laravel-8-User-Roles-and-Permissions-Step-by-Step-Tutorial-master/vendor/laravel/framework/src/Illuminate/Container/Container.php(947): Illuminate\\Container\\Container->resolveClass()
#11 /home/pablo/dev/CGT/Laravel-8-User-Roles-and-Permissions-Step-by-Step-Tutorial-master/vendor/laravel/framework/src/Illuminate/Container/Container.php(908): Illuminate\\Container\\Container->resolveDependencies()
#12 /home/pablo/dev/CGT/Laravel-8-User-Roles-and-Permissions-Step-by-Step-Tutorial-master/vendor/laravel/framework/src/Illuminate/Container/Container.php(758): Illuminate\\Container\\Container->build()
#13 /home/pablo/dev/CGT/Laravel-8-User-Roles-and-Permissions-Step-by-Step-Tutorial-master/vendor/laravel/framework/src/Illuminate/Foundation/Application.php(851): Illuminate\\Container\\Container->resolve()
#14 /home/pablo/dev/CGT/Laravel-8-User-Roles-and-Permissions-Step-by-Step-Tutorial-master/vendor/laravel/framework/src/Illuminate/Container/Container.php(694): Illuminate\\Foundation\\Application->resolve()
#15 /home/pablo/dev/CGT/Laravel-8-User-Roles-and-Permissions-Step-by-Step-Tutorial-master/vendor/laravel/framework/src/Illuminate/Foundation/Application.php(836): Illuminate\\Container\\Container->make()
#16 /home/pablo/dev/CGT/Laravel-8-User-Roles-and-Permissions-Step-by-Step-Tutorial-master/vendor/laravel/framework/src/Illuminate/Foundation/Http/Kernel.php(206): Illuminate\\Foundation\\Application->make()
#17 /home/pablo/dev/CGT/Laravel-8-User-Roles-and-Permissions-Step-by-Step-Tutorial-master/vendor/laravel/framework/src/Illuminate/Foundation/Http/Kernel.php(180): Illuminate\\Foundation\\Http\\Kernel->terminateMiddleware()
#18 /home/pablo/dev/CGT/Laravel-8-User-Roles-and-Permissions-Step-by-Step-Tutorial-master/public/index.php(55): Illuminate\\Foundation\\Http\\Kernel->terminate()
#19 /home/pablo/dev/CGT/Laravel-8-User-Roles-and-Permissions-Step-by-Step-Tutorial-master/server.php(21): require_once('...')
#20 {main}
"} 
[2022-06-20 15:34:36] production.ERROR: file_get_contents(/home/pablo/dev/CGT/Laravel-8-User-Roles-and-Permissions-Step-by-Step-Tutorial-master/.env): Failed to open stream: No such file or directory {"exception":"[object] (ErrorException(code: 0): file_get_contents(/home/pablo/dev/CGT/Laravel-8-User-Roles-and-Permissions-Step-by-Step-Tutorial-master/.env): Failed to open stream: No such file or directory at /home/pablo/dev/CGT/Laravel-8-User-Roles-and-Permissions-Step-by-Step-Tutorial-master/vendor/laravel/framework/src/Illuminate/Foundation/Console/KeyGenerateCommand.php:96)
[stacktrace]
#0 [internal function]: Illuminate\\Foundation\\Bootstrap\\HandleExceptions->handleError()
#1 /home/pablo/dev/CGT/Laravel-8-User-Roles-and-Permissions-Step-by-Step-Tutorial-master/vendor/laravel/framework/src/Illuminate/Foundation/Console/KeyGenerateCommand.php(96): file_get_contents()
#2 /home/pablo/dev/CGT/Laravel-8-User-Roles-and-Permissions-Step-by-Step-Tutorial-master/vendor/laravel/framework/src/Illuminate/Foundation/Console/KeyGenerateCommand.php(80): Illuminate\\Foundation\\Console\\KeyGenerateCommand->writeNewEnvironmentFileWith()
#3 /home/pablo/dev/CGT/Laravel-8-User-Roles-and-Permissions-Step-by-Step-Tutorial-master/vendor/laravel/framework/src/Illuminate/Foundation/Console/KeyGenerateCommand.php(45): Illuminate\\Foundation\\Console\\KeyGenerateCommand->setKeyInEnvironmentFile()
#4 /home/pablo/dev/CGT/Laravel-8-User-Roles-and-Permissions-Step-by-Step-Tutorial-master/vendor/laravel/framework/src/Illuminate/Container/BoundMethod.php(36): Illuminate\\Foundation\\Console\\KeyGenerateCommand->handle()
#5 /home/pablo/dev/CGT/Laravel-8-User-Roles-and-Permissions-Step-by-Step-Tutorial-master/vendor/laravel/framework/src/Illuminate/Container/Util.php(40): Illuminate\\Container\\BoundMethod::Illuminate\\Container\\{closure}()
#6 /home/pablo/dev/CGT/Laravel-8-User-Roles-and-Permissions-Step-by-Step-Tutorial-master/vendor/laravel/framework/src/Illuminate/Container/BoundMethod.php(93): Illuminate\\Container\\Util::unwrapIfClosure()
#7 /home/pablo/dev/CGT/Laravel-8-User-Roles-and-Permissions-Step-by-Step-Tutorial-master/vendor/laravel/framework/src/Illuminate/Container/BoundMethod.php(37): Illuminate\\Container\\BoundMethod::callBoundMethod()
#8 /home/pablo/dev/CGT/Laravel-8-User-Roles-and-Permissions-Step-by-Step-Tutorial-master/vendor/laravel/framework/src/Illuminate/Container/Container.php(653): Illuminate\\Container\\BoundMethod::call()
#9 /home/pablo/dev/CGT/Laravel-8-User-Roles-and-Permissions-Step-by-Step-Tutorial-master/vendor/laravel/framework/src/Illuminate/Console/Command.php(136): Illuminate\\Container\\Container->call()
#10 /home/pablo/dev/CGT/Laravel-8-User-Roles-and-Permissions-Step-by-Step-Tutorial-master/vendor/symfony/console/Command/Command.php(298): Illuminate\\Console\\Command->execute()
#11 /home/pablo/dev/CGT/Laravel-8-User-Roles-and-Permissions-Step-by-Step-Tutorial-master/vendor/laravel/framework/src/Illuminate/Console/Command.php(121): Symfony\\Component\\Console\\Command\\Command->run()
#12 /home/pablo/dev/CGT/Laravel-8-User-Roles-and-Permissions-Step-by-Step-Tutorial-master/vendor/symfony/console/Application.php(1024): Illuminate\\Console\\Command->run()
#13 /home/pablo/dev/CGT/Laravel-8-User-Roles-and-Permissions-Step-by-Step-Tutorial-master/vendor/symfony/console/Application.php(299): Symfony\\Component\\Console\\Application->doRunCommand()
#14 /home/pablo/dev/CGT/Laravel-8-User-Roles-and-Permissions-Step-by-Step-Tutorial-master/vendor/symfony/console/Application.php(171): Symfony\\Component\\Console\\Application->doRun()
#15 /home/pablo/dev/CGT/Laravel-8-User-Roles-and-Permissions-Step-by-Step-Tutorial-master/vendor/laravel/framework/src/Illuminate/Console/Application.php(94): Symfony\\Component\\Console\\Application->run()
#16 /home/pablo/dev/CGT/Laravel-8-User-Roles-and-Permissions-Step-by-Step-Tutorial-master/vendor/laravel/framework/src/Illuminate/Foundation/Console/Kernel.php(129): Illuminate\\Console\\Application->run()
#17 /home/pablo/dev/CGT/Laravel-8-User-Roles-and-Permissions-Step-by-Step-Tutorial-master/artisan(37): Illuminate\\Foundation\\Console\\Kernel->handle()
#18 {main}
"} 
[2022-06-20 15:36:44] production.ERROR: file_get_contents(/home/pablo/dev/CGT/Laravel-8-User-Roles-and-Permissions-Step-by-Step-Tutorial-master/.env): Failed to open stream: No such file or directory {"exception":"[object] (ErrorException(code: 0): file_get_contents(/home/pablo/dev/CGT/Laravel-8-User-Roles-and-Permissions-Step-by-Step-Tutorial-master/.env): Failed to open stream: No such file or directory at /home/pablo/dev/CGT/Laravel-8-User-Roles-and-Permissions-Step-by-Step-Tutorial-master/vendor/laravel/framework/src/Illuminate/Foundation/Console/KeyGenerateCommand.php:96)
[stacktrace]
#0 [internal function]: Illuminate\\Foundation\\Bootstrap\\HandleExceptions->handleError()
#1 /home/pablo/dev/CGT/Laravel-8-User-Roles-and-Permissions-Step-by-Step-Tutorial-master/vendor/laravel/framework/src/Illuminate/Foundation/Console/KeyGenerateCommand.php(96): file_get_contents()
#2 /home/pablo/dev/CGT/Laravel-8-User-Roles-and-Permissions-Step-by-Step-Tutorial-master/vendor/laravel/framework/src/Illuminate/Foundation/Console/KeyGenerateCommand.php(80): Illuminate\\Foundation\\Console\\KeyGenerateCommand->writeNewEnvironmentFileWith()
#3 /home/pablo/dev/CGT/Laravel-8-User-Roles-and-Permissions-Step-by-Step-Tutorial-master/vendor/laravel/framework/src/Illuminate/Foundation/Console/KeyGenerateCommand.php(45): Illuminate\\Foundation\\Console\\KeyGenerateCommand->setKeyInEnvironmentFile()
#4 /home/pablo/dev/CGT/Laravel-8-User-Roles-and-Permissions-Step-by-Step-Tutorial-master/vendor/laravel/framework/src/Illuminate/Container/BoundMethod.php(36): Illuminate\\Foundation\\Console\\KeyGenerateCommand->handle()
#5 /home/pablo/dev/CGT/Laravel-8-User-Roles-and-Permissions-Step-by-Step-Tutorial-master/vendor/laravel/framework/src/Illuminate/Container/Util.php(40): Illuminate\\Container\\BoundMethod::Illuminate\\Container\\{closure}()
#6 /home/pablo/dev/CGT/Laravel-8-User-Roles-and-Permissions-Step-by-Step-Tutorial-master/vendor/laravel/framework/src/Illuminate/Container/BoundMethod.php(93): Illuminate\\Container\\Util::unwrapIfClosure()
#7 /home/pablo/dev/CGT/Laravel-8-User-Roles-and-Permissions-Step-by-Step-Tutorial-master/vendor/laravel/framework/src/Illuminate/Container/BoundMethod.php(37): Illuminate\\Container\\BoundMethod::callBoundMethod()
#8 /home/pablo/dev/CGT/Laravel-8-User-Roles-and-Permissions-Step-by-Step-Tutorial-master/vendor/laravel/framework/src/Illuminate/Container/Container.php(653): Illuminate\\Container\\BoundMethod::call()
#9 /home/pablo/dev/CGT/Laravel-8-User-Roles-and-Permissions-Step-by-Step-Tutorial-master/vendor/laravel/framework/src/Illuminate/Console/Command.php(136): Illuminate\\Container\\Container->call()
#10 /home/pablo/dev/CGT/Laravel-8-User-Roles-and-Permissions-Step-by-Step-Tutorial-master/vendor/symfony/console/Command/Command.php(298): Illuminate\\Console\\Command->execute()
#11 /home/pablo/dev/CGT/Laravel-8-User-Roles-and-Permissions-Step-by-Step-Tutorial-master/vendor/laravel/framework/src/Illuminate/Console/Command.php(121): Symfony\\Component\\Console\\Command\\Command->run()
#12 /home/pablo/dev/CGT/Laravel-8-User-Roles-and-Permissions-Step-by-Step-Tutorial-master/vendor/symfony/console/Application.php(1024): Illuminate\\Console\\Command->run()
#13 /home/pablo/dev/CGT/Laravel-8-User-Roles-and-Permissions-Step-by-Step-Tutorial-master/vendor/symfony/console/Application.php(299): Symfony\\Component\\Console\\Application->doRunCommand()
#14 /home/pablo/dev/CGT/Laravel-8-User-Roles-and-Permissions-Step-by-Step-Tutorial-master/vendor/symfony/console/Application.php(171): Symfony\\Component\\Console\\Application->doRun()
#15 /home/pablo/dev/CGT/Laravel-8-User-Roles-and-Permissions-Step-by-Step-Tutorial-master/vendor/laravel/framework/src/Illuminate/Console/Application.php(94): Symfony\\Component\\Console\\Application->run()
#16 /home/pablo/dev/CGT/Laravel-8-User-Roles-and-Permissions-Step-by-Step-Tutorial-master/vendor/laravel/framework/src/Illuminate/Foundation/Console/Kernel.php(129): Illuminate\\Console\\Application->run()
#17 /home/pablo/dev/CGT/Laravel-8-User-Roles-and-Permissions-Step-by-Step-Tutorial-master/artisan(37): Illuminate\\Foundation\\Console\\Kernel->handle()
#18 {main}
"} 
[2022-06-20 15:37:02] production.ERROR: No application encryption key has been specified. {"exception":"[object] (Illuminate\\Encryption\\MissingAppKeyException(code: 0): No application encryption key has been specified. at /home/pablo/dev/CGT/Laravel-8-User-Roles-and-Permissions-Step-by-Step-Tutorial-master/vendor/laravel/framework/src/Illuminate/Encryption/EncryptionServiceProvider.php:101)
[stacktrace]
#0 /home/pablo/dev/CGT/Laravel-8-User-Roles-and-Permissions-Step-by-Step-Tutorial-master/vendor/laravel/framework/src/Illuminate/Support/helpers.php(263): Illuminate\\Encryption\\EncryptionServiceProvider->Illuminate\\Encryption\\{closure}()
#1 /home/pablo/dev/CGT/Laravel-8-User-Roles-and-Permissions-Step-by-Step-Tutorial-master/vendor/laravel/framework/src/Illuminate/Encryption/EncryptionServiceProvider.php(103): tap()
#2 /home/pablo/dev/CGT/Laravel-8-User-Roles-and-Permissions-Step-by-Step-Tutorial-master/vendor/laravel/framework/src/Illuminate/Encryption/EncryptionServiceProvider.php(82): Illuminate\\Encryption\\EncryptionServiceProvider->key()
#3 /home/pablo/dev/CGT/Laravel-8-User-Roles-and-Permissions-Step-by-Step-Tutorial-master/vendor/laravel/framework/src/Illuminate/Encryption/EncryptionServiceProvider.php(34): Illuminate\\Encryption\\EncryptionServiceProvider->parseKey()
#4 /home/pablo/dev/CGT/Laravel-8-User-Roles-and-Permissions-Step-by-Step-Tutorial-master/vendor/laravel/framework/src/Illuminate/Container/Container.php(873): Illuminate\\Encryption\\EncryptionServiceProvider->Illuminate\\Encryption\\{closure}()
#5 /home/pablo/dev/CGT/Laravel-8-User-Roles-and-Permissions-Step-by-Step-Tutorial-master/vendor/laravel/framework/src/Illuminate/Container/Container.php(758): Illuminate\\Container\\Container->build()
#6 /home/pablo/dev/CGT/Laravel-8-User-Roles-and-Permissions-Step-by-Step-Tutorial-master/vendor/laravel/framework/src/Illuminate/Foundation/Application.php(851): Illuminate\\Container\\Container->resolve()
#7 /home/pablo/dev/CGT/Laravel-8-User-Roles-and-Permissions-Step-by-Step-Tutorial-master/vendor/laravel/framework/src/Illuminate/Container/Container.php(694): Illuminate\\Foundation\\Application->resolve()
#8 /home/pablo/dev/CGT/Laravel-8-User-Roles-and-Permissions-Step-by-Step-Tutorial-master/vendor/laravel/framework/src/Illuminate/Foundation/Application.php(836): Illuminate\\Container\\Container->make()
#9 /home/pablo/dev/CGT/Laravel-8-User-Roles-and-Permissions-Step-by-Step-Tutorial-master/vendor/laravel/framework/src/Illuminate/Container/Container.php(1027): Illuminate\\Foundation\\Application->make()
#10 /home/pablo/dev/CGT/Laravel-8-User-Roles-and-Permissions-Step-by-Step-Tutorial-master/vendor/laravel/framework/src/Illuminate/Container/Container.php(947): Illuminate\\Container\\Container->resolveClass()
#11 /home/pablo/dev/CGT/Laravel-8-User-Roles-and-Permissions-Step-by-Step-Tutorial-master/vendor/laravel/framework/src/Illuminate/Container/Container.php(908): Illuminate\\Container\\Container->resolveDependencies()
#12 /home/pablo/dev/CGT/Laravel-8-User-Roles-and-Permissions-Step-by-Step-Tutorial-master/vendor/laravel/framework/src/Illuminate/Container/Container.php(758): Illuminate\\Container\\Container->build()
#13 /home/pablo/dev/CGT/Laravel-8-User-Roles-and-Permissions-Step-by-Step-Tutorial-master/vendor/laravel/framework/src/Illuminate/Foundation/Application.php(851): Illuminate\\Container\\Container->resolve()
#14 /home/pablo/dev/CGT/Laravel-8-User-Roles-and-Permissions-Step-by-Step-Tutorial-master/vendor/laravel/framework/src/Illuminate/Container/Container.php(694): Illuminate\\Foundation\\Application->resolve()
#15 /home/pablo/dev/CGT/Laravel-8-User-Roles-and-Permissions-Step-by-Step-Tutorial-master/vendor/laravel/framework/src/Illuminate/Foundation/Application.php(836): Illuminate\\Container\\Container->make()
#16 /home/pablo/dev/CGT/Laravel-8-User-Roles-and-Permissions-Step-by-Step-Tutorial-master/vendor/laravel/framework/src/Illuminate/Pipeline/Pipeline.php(156): Illuminate\\Foundation\\Application->make()
#17 /home/pablo/dev/CGT/Laravel-8-User-Roles-and-Permissions-Step-by-Step-Tutorial-master/vendor/laravel/framework/src/Illuminate/Pipeline/Pipeline.php(103): Illuminate\\Pipeline\\Pipeline->Illuminate\\Pipeline\\{closure}()
#18 /home/pablo/dev/CGT/Laravel-8-User-Roles-and-Permissions-Step-by-Step-Tutorial-master/vendor/laravel/framework/src/Illuminate/Routing/Router.php(723): Illuminate\\Pipeline\\Pipeline->then()
#19 /home/pablo/dev/CGT/Laravel-8-User-Roles-and-Permissions-Step-by-Step-Tutorial-master/vendor/laravel/framework/src/Illuminate/Routing/Router.php(698): Illuminate\\Routing\\Router->runRouteWithinStack()
#20 /home/pablo/dev/CGT/Laravel-8-User-Roles-and-Permissions-Step-by-Step-Tutorial-master/vendor/laravel/framework/src/Illuminate/Routing/Router.php(662): Illuminate\\Routing\\Router->runRoute()
#21 /home/pablo/dev/CGT/Laravel-8-User-Roles-and-Permissions-Step-by-Step-Tutorial-master/vendor/laravel/framework/src/Illuminate/Routing/Router.php(651): Illuminate\\Routing\\Router->dispatchToRoute()
#22 /home/pablo/dev/CGT/Laravel-8-User-Roles-and-Permissions-Step-by-Step-Tutorial-master/vendor/laravel/framework/src/Illuminate/Foundation/Http/Kernel.php(167): Illuminate\\Routing\\Router->dispatch()
#23 /home/pablo/dev/CGT/Laravel-8-User-Roles-and-Permissions-Step-by-Step-Tutorial-master/vendor/laravel/framework/src/Illuminate/Pipeline/Pipeline.php(128): Illuminate\\Foundation\\Http\\Kernel->Illuminate\\Foundation\\Http\\{closure}()
#24 /home/pablo/dev/CGT/Laravel-8-User-Roles-and-Permissions-Step-by-Step-Tutorial-master/vendor/laravel/framework/src/Illuminate/Foundation/Http/Middleware/TransformsRequest.php(21): Illuminate\\Pipeline\\Pipeline->Illuminate\\Pipeline\\{closure}()
#25 /home/pablo/dev/CGT/Laravel-8-User-Roles-and-Permissions-Step-by-Step-Tutorial-master/vendor/laravel/framework/src/Illuminate/Foundation/Http/Middleware/ConvertEmptyStringsToNull.php(31): Illuminate\\Foundation\\Http\\Middleware\\TransformsRequest->handle()
#26 /home/pablo/dev/CGT/Laravel-8-User-Roles-and-Permissions-Step-by-Step-Tutorial-master/vendor/laravel/framework/src/Illuminate/Pipeline/Pipeline.php(167): Illuminate\\Foundation\\Http\\Middleware\\ConvertEmptyStringsToNull->handle()
#27 /home/pablo/dev/CGT/Laravel-8-User-Roles-and-Permissions-Step-by-Step-Tutorial-master/vendor/laravel/framework/src/Illuminate/Foundation/Http/Middleware/TransformsRequest.php(21): Illuminate\\Pipeline\\Pipeline->Illuminate\\Pipeline\\{closure}()
#28 /home/pablo/dev/CGT/Laravel-8-User-Roles-and-Permissions-Step-by-Step-Tutorial-master/vendor/laravel/framework/src/Illuminate/Foundation/Http/Middleware/TrimStrings.php(40): Illuminate\\Foundation\\Http\\Middleware\\TransformsRequest->handle()
#29 /home/pablo/dev/CGT/Laravel-8-User-Roles-and-Permissions-Step-by-Step-Tutorial-master/vendor/laravel/framework/src/Illuminate/Pipeline/Pipeline.php(167): Illuminate\\Foundation\\Http\\Middleware\\TrimStrings->handle()
#30 /home/pablo/dev/CGT/Laravel-8-User-Roles-and-Permissions-Step-by-Step-Tutorial-master/vendor/laravel/framework/src/Illuminate/Foundation/Http/Middleware/ValidatePostSize.php(27): Illuminate\\Pipeline\\Pipeline->Illuminate\\Pipeline\\{closure}()
#31 /home/pablo/dev/CGT/Laravel-8-User-Roles-and-Permissions-Step-by-Step-Tutorial-master/vendor/laravel/framework/src/Illuminate/Pipeline/Pipeline.php(167): Illuminate\\Foundation\\Http\\Middleware\\ValidatePostSize->handle()
#32 /home/pablo/dev/CGT/Laravel-8-User-Roles-and-Permissions-Step-by-Step-Tutorial-master/vendor/laravel/framework/src/Illuminate/Foundation/Http/Middleware/PreventRequestsDuringMaintenance.php(86): Illuminate\\Pipeline\\Pipeline->Illuminate\\Pipeline\\{closure}()
#33 /home/pablo/dev/CGT/Laravel-8-User-Roles-and-Permissions-Step-by-Step-Tutorial-master/vendor/laravel/framework/src/Illuminate/Pipeline/Pipeline.php(167): Illuminate\\Foundation\\Http\\Middleware\\PreventRequestsDuringMaintenance->handle()
#34 /home/pablo/dev/CGT/Laravel-8-User-Roles-and-Permissions-Step-by-Step-Tutorial-master/vendor/fruitcake/laravel-cors/src/HandleCors.php(38): Illuminate\\Pipeline\\Pipeline->Illuminate\\Pipeline\\{closure}()
#35 /home/pablo/dev/CGT/Laravel-8-User-Roles-and-Permissions-Step-by-Step-Tutorial-master/vendor/laravel/framework/src/Illuminate/Pipeline/Pipeline.php(167): Fruitcake\\Cors\\HandleCors->handle()
#36 /home/pablo/dev/CGT/Laravel-8-User-Roles-and-Permissions-Step-by-Step-Tutorial-master/vendor/laravel/framework/src/Illuminate/Http/Middleware/TrustProxies.php(39): Illuminate\\Pipeline\\Pipeline->Illuminate\\Pipeline\\{closure}()
#37 /home/pablo/dev/CGT/Laravel-8-User-Roles-and-Permissions-Step-by-Step-Tutorial-master/vendor/laravel/framework/src/Illuminate/Pipeline/Pipeline.php(167): Illuminate\\Http\\Middleware\\TrustProxies->handle()
#38 /home/pablo/dev/CGT/Laravel-8-User-Roles-and-Permissions-Step-by-Step-Tutorial-master/vendor/laravel/framework/src/Illuminate/Pipeline/Pipeline.php(103): Illuminate\\Pipeline\\Pipeline->Illuminate\\Pipeline\\{closure}()
#39 /home/pablo/dev/CGT/Laravel-8-User-Roles-and-Permissions-Step-by-Step-Tutorial-master/vendor/laravel/framework/src/Illuminate/Foundation/Http/Kernel.php(142): Illuminate\\Pipeline\\Pipeline->then()
#40 /home/pablo/dev/CGT/Laravel-8-User-Roles-and-Permissions-Step-by-Step-Tutorial-master/vendor/laravel/framework/src/Illuminate/Foundation/Http/Kernel.php(111): Illuminate\\Foundation\\Http\\Kernel->sendRequestThroughRouter()
#41 /home/pablo/dev/CGT/Laravel-8-User-Roles-and-Permissions-Step-by-Step-Tutorial-master/public/index.php(52): Illuminate\\Foundation\\Http\\Kernel->handle()
#42 /home/pablo/dev/CGT/Laravel-8-User-Roles-and-Permissions-Step-by-Step-Tutorial-master/server.php(21): require_once('...')
#43 {main}
"} 
[2022-06-20 15:37:02] production.ERROR: No application encryption key has been specified. {"exception":"[object] (Illuminate\\Encryption\\MissingAppKeyException(code: 0): No application encryption key has been specified. at /home/pablo/dev/CGT/Laravel-8-User-Roles-and-Permissions-Step-by-Step-Tutorial-master/vendor/laravel/framework/src/Illuminate/Encryption/EncryptionServiceProvider.php:101)
[stacktrace]
#0 /home/pablo/dev/CGT/Laravel-8-User-Roles-and-Permissions-Step-by-Step-Tutorial-master/vendor/laravel/framework/src/Illuminate/Support/helpers.php(263): Illuminate\\Encryption\\EncryptionServiceProvider->Illuminate\\Encryption\\{closure}()
#1 /home/pablo/dev/CGT/Laravel-8-User-Roles-and-Permissions-Step-by-Step-Tutorial-master/vendor/laravel/framework/src/Illuminate/Encryption/EncryptionServiceProvider.php(103): tap()
#2 /home/pablo/dev/CGT/Laravel-8-User-Roles-and-Permissions-Step-by-Step-Tutorial-master/vendor/laravel/framework/src/Illuminate/Encryption/EncryptionServiceProvider.php(82): Illuminate\\Encryption\\EncryptionServiceProvider->key()
#3 /home/pablo/dev/CGT/Laravel-8-User-Roles-and-Permissions-Step-by-Step-Tutorial-master/vendor/laravel/framework/src/Illuminate/Encryption/EncryptionServiceProvider.php(34): Illuminate\\Encryption\\EncryptionServiceProvider->parseKey()
#4 /home/pablo/dev/CGT/Laravel-8-User-Roles-and-Permissions-Step-by-Step-Tutorial-master/vendor/laravel/framework/src/Illuminate/Container/Container.php(873): Illuminate\\Encryption\\EncryptionServiceProvider->Illuminate\\Encryption\\{closure}()
#5 /home/pablo/dev/CGT/Laravel-8-User-Roles-and-Permissions-Step-by-Step-Tutorial-master/vendor/laravel/framework/src/Illuminate/Container/Container.php(758): Illuminate\\Container\\Container->build()
#6 /home/pablo/dev/CGT/Laravel-8-User-Roles-and-Permissions-Step-by-Step-Tutorial-master/vendor/laravel/framework/src/Illuminate/Foundation/Application.php(851): Illuminate\\Container\\Container->resolve()
#7 /home/pablo/dev/CGT/Laravel-8-User-Roles-and-Permissions-Step-by-Step-Tutorial-master/vendor/laravel/framework/src/Illuminate/Container/Container.php(694): Illuminate\\Foundation\\Application->resolve()
#8 /home/pablo/dev/CGT/Laravel-8-User-Roles-and-Permissions-Step-by-Step-Tutorial-master/vendor/laravel/framework/src/Illuminate/Foundation/Application.php(836): Illuminate\\Container\\Container->make()
#9 /home/pablo/dev/CGT/Laravel-8-User-Roles-and-Permissions-Step-by-Step-Tutorial-master/vendor/laravel/framework/src/Illuminate/Container/Container.php(1027): Illuminate\\Foundation\\Application->make()
#10 /home/pablo/dev/CGT/Laravel-8-User-Roles-and-Permissions-Step-by-Step-Tutorial-master/vendor/laravel/framework/src/Illuminate/Container/Container.php(947): Illuminate\\Container\\Container->resolveClass()
#11 /home/pablo/dev/CGT/Laravel-8-User-Roles-and-Permissions-Step-by-Step-Tutorial-master/vendor/laravel/framework/src/Illuminate/Container/Container.php(908): Illuminate\\Container\\Container->resolveDependencies()
#12 /home/pablo/dev/CGT/Laravel-8-User-Roles-and-Permissions-Step-by-Step-Tutorial-master/vendor/laravel/framework/src/Illuminate/Container/Container.php(758): Illuminate\\Container\\Container->build()
#13 /home/pablo/dev/CGT/Laravel-8-User-Roles-and-Permissions-Step-by-Step-Tutorial-master/vendor/laravel/framework/src/Illuminate/Foundation/Application.php(851): Illuminate\\Container\\Container->resolve()
#14 /home/pablo/dev/CGT/Laravel-8-User-Roles-and-Permissions-Step-by-Step-Tutorial-master/vendor/laravel/framework/src/Illuminate/Container/Container.php(694): Illuminate\\Foundation\\Application->resolve()
#15 /home/pablo/dev/CGT/Laravel-8-User-Roles-and-Permissions-Step-by-Step-Tutorial-master/vendor/laravel/framework/src/Illuminate/Foundation/Application.php(836): Illuminate\\Container\\Container->make()
#16 /home/pablo/dev/CGT/Laravel-8-User-Roles-and-Permissions-Step-by-Step-Tutorial-master/vendor/laravel/framework/src/Illuminate/Foundation/Http/Kernel.php(206): Illuminate\\Foundation\\Application->make()
#17 /home/pablo/dev/CGT/Laravel-8-User-Roles-and-Permissions-Step-by-Step-Tutorial-master/vendor/laravel/framework/src/Illuminate/Foundation/Http/Kernel.php(180): Illuminate\\Foundation\\Http\\Kernel->terminateMiddleware()
#18 /home/pablo/dev/CGT/Laravel-8-User-Roles-and-Permissions-Step-by-Step-Tutorial-master/public/index.php(55): Illuminate\\Foundation\\Http\\Kernel->terminate()
#19 /home/pablo/dev/CGT/Laravel-8-User-Roles-and-Permissions-Step-by-Step-Tutorial-master/server.php(21): require_once('...')
#20 {main}
"} 
[2022-06-20 15:40:07] local.ERROR: SQLSTATE[HY000] [1045] Access denied for user 'root'@'localhost' (using password: NO) (SQL: select * from `users` where `username` = admin limit 1) {"exception":"[object] (Illuminate\\Database\\QueryException(code: 1045): SQLSTATE[HY000] [1045] Access denied for user 'root'@'localhost' (using password: NO) (SQL: select * from `users` where `username` = admin limit 1) at /home/pablo/dev/CGT/Laravel-8-User-Roles-and-Permissions-Step-by-Step-Tutorial-master/vendor/laravel/framework/src/Illuminate/Database/Connection.php:712)
[stacktrace]
#0 /home/pablo/dev/CGT/Laravel-8-User-Roles-and-Permissions-Step-by-Step-Tutorial-master/vendor/laravel/framework/src/Illuminate/Database/Connection.php(672): Illuminate\\Database\\Connection->runQueryCallback()
#1 /home/pablo/dev/CGT/Laravel-8-User-Roles-and-Permissions-Step-by-Step-Tutorial-master/vendor/laravel/framework/src/Illuminate/Database/Connection.php(376): Illuminate\\Database\\Connection->run()
#2 /home/pablo/dev/CGT/Laravel-8-User-Roles-and-Permissions-Step-by-Step-Tutorial-master/vendor/laravel/framework/src/Illuminate/Database/Query/Builder.php(2414): Illuminate\\Database\\Connection->select()
#3 /home/pablo/dev/CGT/Laravel-8-User-Roles-and-Permissions-Step-by-Step-Tutorial-master/vendor/laravel/framework/src/Illuminate/Database/Query/Builder.php(2402): Illuminate\\Database\\Query\\Builder->runSelect()
#4 /home/pablo/dev/CGT/Laravel-8-User-Roles-and-Permissions-Step-by-Step-Tutorial-master/vendor/laravel/framework/src/Illuminate/Database/Query/Builder.php(2936): Illuminate\\Database\\Query\\Builder->Illuminate\\Database\\Query\\{closure}()
#5 /home/pablo/dev/CGT/Laravel-8-User-Roles-and-Permissions-Step-by-Step-Tutorial-master/vendor/laravel/framework/src/Illuminate/Database/Query/Builder.php(2403): Illuminate\\Database\\Query\\Builder->onceWithColumns()
#6 /home/pablo/dev/CGT/Laravel-8-User-Roles-and-Permissions-Step-by-Step-Tutorial-master/vendor/laravel/framework/src/Illuminate/Database/Eloquent/Builder.php(625): Illuminate\\Database\\Query\\Builder->get()
#7 /home/pablo/dev/CGT/Laravel-8-User-Roles-and-Permissions-Step-by-Step-Tutorial-master/vendor/laravel/framework/src/Illuminate/Database/Eloquent/Builder.php(609): Illuminate\\Database\\Eloquent\\Builder->getModels()
#8 /home/pablo/dev/CGT/Laravel-8-User-Roles-and-Permissions-Step-by-Step-Tutorial-master/vendor/laravel/framework/src/Illuminate/Database/Concerns/BuildsQueries.php(294): Illuminate\\Database\\Eloquent\\Builder->get()
#9 /home/pablo/dev/CGT/Laravel-8-User-Roles-and-Permissions-Step-by-Step-Tutorial-master/vendor/laravel/framework/src/Illuminate/Auth/EloquentUserProvider.php(134): Illuminate\\Database\\Eloquent\\Builder->first()
#10 /home/pablo/dev/CGT/Laravel-8-User-Roles-and-Permissions-Step-by-Step-Tutorial-master/vendor/laravel/framework/src/Illuminate/Auth/SessionGuard.php(268): Illuminate\\Auth\\EloquentUserProvider->retrieveByCredentials()
#11 /home/pablo/dev/CGT/Laravel-8-User-Roles-and-Permissions-Step-by-Step-Tutorial-master/vendor/laravel/framework/src/Illuminate/Auth/AuthManager.php(336): Illuminate\\Auth\\SessionGuard->validate()
#12 /home/pablo/dev/CGT/Laravel-8-User-Roles-and-Permissions-Step-by-Step-Tutorial-master/vendor/laravel/framework/src/Illuminate/Support/Facades/Facade.php(261): Illuminate\\Auth\\AuthManager->__call()
#13 /home/pablo/dev/CGT/Laravel-8-User-Roles-and-Permissions-Step-by-Step-Tutorial-master/app/Http/Controllers/LoginController.php(35): Illuminate\\Support\\Facades\\Facade::__callStatic()
#14 /home/pablo/dev/CGT/Laravel-8-User-Roles-and-Permissions-Step-by-Step-Tutorial-master/vendor/laravel/framework/src/Illuminate/Routing/Controller.php(54): App\\Http\\Controllers\\LoginController->login()
#15 /home/pablo/dev/CGT/Laravel-8-User-Roles-and-Permissions-Step-by-Step-Tutorial-master/vendor/laravel/framework/src/Illuminate/Routing/ControllerDispatcher.php(45): Illuminate\\Routing\\Controller->callAction()
#16 /home/pablo/dev/CGT/Laravel-8-User-Roles-and-Permissions-Step-by-Step-Tutorial-master/vendor/laravel/framework/src/Illuminate/Routing/Route.php(262): Illuminate\\Routing\\ControllerDispatcher->dispatch()
#17 /home/pablo/dev/CGT/Laravel-8-User-Roles-and-Permissions-Step-by-Step-Tutorial-master/vendor/laravel/framework/src/Illuminate/Routing/Route.php(205): Illuminate\\Routing\\Route->runController()
#18 /home/pablo/dev/CGT/Laravel-8-User-Roles-and-Permissions-Step-by-Step-Tutorial-master/vendor/laravel/framework/src/Illuminate/Routing/Router.php(721): Illuminate\\Routing\\Route->run()
#19 /home/pablo/dev/CGT/Laravel-8-User-Roles-and-Permissions-Step-by-Step-Tutorial-master/vendor/laravel/framework/src/Illuminate/Pipeline/Pipeline.php(128): Illuminate\\Routing\\Router->Illuminate\\Routing\\{closure}()
#20 /home/pablo/dev/CGT/Laravel-8-User-Roles-and-Permissions-Step-by-Step-Tutorial-master/app/Http/Middleware/RedirectIfAuthenticated.php(30): Illuminate\\Pipeline\\Pipeline->Illuminate\\Pipeline\\{closure}()
#21 /home/pablo/dev/CGT/Laravel-8-User-Roles-and-Permissions-Step-by-Step-Tutorial-master/vendor/laravel/framework/src/Illuminate/Pipeline/Pipeline.php(167): App\\Http\\Middleware\\RedirectIfAuthenticated->handle()
#22 /home/pablo/dev/CGT/Laravel-8-User-Roles-and-Permissions-Step-by-Step-Tutorial-master/vendor/laravel/framework/src/Illuminate/Routing/Middleware/SubstituteBindings.php(50): Illuminate\\Pipeline\\Pipeline->Illuminate\\Pipeline\\{closure}()
#23 /home/pablo/dev/CGT/Laravel-8-User-Roles-and-Permissions-Step-by-Step-Tutorial-master/vendor/laravel/framework/src/Illuminate/Pipeline/Pipeline.php(167): Illuminate\\Routing\\Middleware\\SubstituteBindings->handle()
#24 /home/pablo/dev/CGT/Laravel-8-User-Roles-and-Permissions-Step-by-Step-Tutorial-master/vendor/laravel/framework/src/Illuminate/Foundation/Http/Middleware/VerifyCsrfToken.php(78): Illuminate\\Pipeline\\Pipeline->Illuminate\\Pipeline\\{closure}()
#25 /home/pablo/dev/CGT/Laravel-8-User-Roles-and-Permissions-Step-by-Step-Tutorial-master/vendor/laravel/framework/src/Illuminate/Pipeline/Pipeline.php(167): Illuminate\\Foundation\\Http\\Middleware\\VerifyCsrfToken->handle()
#26 /home/pablo/dev/CGT/Laravel-8-User-Roles-and-Permissions-Step-by-Step-Tutorial-master/vendor/laravel/framework/src/Illuminate/View/Middleware/ShareErrorsFromSession.php(49): Illuminate\\Pipeline\\Pipeline->Illuminate\\Pipeline\\{closure}()
#27 /home/pablo/dev/CGT/Laravel-8-User-Roles-and-Permissions-Step-by-Step-Tutorial-master/vendor/laravel/framework/src/Illuminate/Pipeline/Pipeline.php(167): Illuminate\\View\\Middleware\\ShareErrorsFromSession->handle()
#28 /home/pablo/dev/CGT/Laravel-8-User-Roles-and-Permissions-Step-by-Step-Tutorial-master/vendor/laravel/framework/src/Illuminate/Session/Middleware/StartSession.php(121): Illuminate\\Pipeline\\Pipeline->Illuminate\\Pipeline\\{closure}()
#29 /home/pablo/dev/CGT/Laravel-8-User-Roles-and-Permissions-Step-by-Step-Tutorial-master/vendor/laravel/framework/src/Illuminate/Session/Middleware/StartSession.php(64): Illuminate\\Session\\Middleware\\StartSession->handleStatefulRequest()
#30 /home/pablo/dev/CGT/Laravel-8-User-Roles-and-Permissions-Step-by-Step-Tutorial-master/vendor/laravel/framework/src/Illuminate/Pipeline/Pipeline.php(167): Illuminate\\Session\\Middleware\\StartSession->handle()
#31 /home/pablo/dev/CGT/Laravel-8-User-Roles-and-Permissions-Step-by-Step-Tutorial-master/vendor/laravel/framework/src/Illuminate/Cookie/Middleware/AddQueuedCookiesToResponse.php(37): Illuminate\\Pipeline\\Pipeline->Illuminate\\Pipeline\\{closure}()
#32 /home/pablo/dev/CGT/Laravel-8-User-Roles-and-Permissions-Step-by-Step-Tutorial-master/vendor/laravel/framework/src/Illuminate/Pipeline/Pipeline.php(167): Illuminate\\Cookie\\Middleware\\AddQueuedCookiesToResponse->handle()
#33 /home/pablo/dev/CGT/Laravel-8-User-Roles-and-Permissions-Step-by-Step-Tutorial-master/vendor/laravel/framework/src/Illuminate/Cookie/Middleware/EncryptCookies.php(67): Illuminate\\Pipeline\\Pipeline->Illuminate\\Pipeline\\{closure}()
#34 /home/pablo/dev/CGT/Laravel-8-User-Roles-and-Permissions-Step-by-Step-Tutorial-master/vendor/laravel/framework/src/Illuminate/Pipeline/Pipeline.php(167): Illuminate\\Cookie\\Middleware\\EncryptCookies->handle()
#35 /home/pablo/dev/CGT/Laravel-8-User-Roles-and-Permissions-Step-by-Step-Tutorial-master/vendor/laravel/framework/src/Illuminate/Pipeline/Pipeline.php(103): Illuminate\\Pipeline\\Pipeline->Illuminate\\Pipeline\\{closure}()
#36 /home/pablo/dev/CGT/Laravel-8-User-Roles-and-Permissions-Step-by-Step-Tutorial-master/vendor/laravel/framework/src/Illuminate/Routing/Router.php(723): Illuminate\\Pipeline\\Pipeline->then()
#37 /home/pablo/dev/CGT/Laravel-8-User-Roles-and-Permissions-Step-by-Step-Tutorial-master/vendor/laravel/framework/src/Illuminate/Routing/Router.php(698): Illuminate\\Routing\\Router->runRouteWithinStack()
#38 /home/pablo/dev/CGT/Laravel-8-User-Roles-and-Permissions-Step-by-Step-Tutorial-master/vendor/laravel/framework/src/Illuminate/Routing/Router.php(662): Illuminate\\Routing\\Router->runRoute()
#39 /home/pablo/dev/CGT/Laravel-8-User-Roles-and-Permissions-Step-by-Step-Tutorial-master/vendor/laravel/framework/src/Illuminate/Routing/Router.php(651): Illuminate\\Routing\\Router->dispatchToRoute()
#40 /home/pablo/dev/CGT/Laravel-8-User-Roles-and-Permissions-Step-by-Step-Tutorial-master/vendor/laravel/framework/src/Illuminate/Foundation/Http/Kernel.php(167): Illuminate\\Routing\\Router->dispatch()
#41 /home/pablo/dev/CGT/Laravel-8-User-Roles-and-Permissions-Step-by-Step-Tutorial-master/vendor/laravel/framework/src/Illuminate/Pipeline/Pipeline.php(128): Illuminate\\Foundation\\Http\\Kernel->Illuminate\\Foundation\\Http\\{closure}()
#42 /home/pablo/dev/CGT/Laravel-8-User-Roles-and-Permissions-Step-by-Step-Tutorial-master/vendor/laravel/framework/src/Illuminate/Foundation/Http/Middleware/TransformsRequest.php(21): Illuminate\\Pipeline\\Pipeline->Illuminate\\Pipeline\\{closure}()
#43 /home/pablo/dev/CGT/Laravel-8-User-Roles-and-Permissions-Step-by-Step-Tutorial-master/vendor/laravel/framework/src/Illuminate/Foundation/Http/Middleware/ConvertEmptyStringsToNull.php(31): Illuminate\\Foundation\\Http\\Middleware\\TransformsRequest->handle()
#44 /home/pablo/dev/CGT/Laravel-8-User-Roles-and-Permissions-Step-by-Step-Tutorial-master/vendor/laravel/framework/src/Illuminate/Pipeline/Pipeline.php(167): Illuminate\\Foundation\\Http\\Middleware\\ConvertEmptyStringsToNull->handle()
#45 /home/pablo/dev/CGT/Laravel-8-User-Roles-and-Permissions-Step-by-Step-Tutorial-master/vendor/laravel/framework/src/Illuminate/Foundation/Http/Middleware/TransformsRequest.php(21): Illuminate\\Pipeline\\Pipeline->Illuminate\\Pipeline\\{closure}()
#46 /home/pablo/dev/CGT/Laravel-8-User-Roles-and-Permissions-Step-by-Step-Tutorial-master/vendor/laravel/framework/src/Illuminate/Foundation/Http/Middleware/TrimStrings.php(40): Illuminate\\Foundation\\Http\\Middleware\\TransformsRequest->handle()
#47 /home/pablo/dev/CGT/Laravel-8-User-Roles-and-Permissions-Step-by-Step-Tutorial-master/vendor/laravel/framework/src/Illuminate/Pipeline/Pipeline.php(167): Illuminate\\Foundation\\Http\\Middleware\\TrimStrings->handle()
#48 /home/pablo/dev/CGT/Laravel-8-User-Roles-and-Permissions-Step-by-Step-Tutorial-master/vendor/laravel/framework/src/Illuminate/Foundation/Http/Middleware/ValidatePostSize.php(27): Illuminate\\Pipeline\\Pipeline->Illuminate\\Pipeline\\{closure}()
#49 /home/pablo/dev/CGT/Laravel-8-User-Roles-and-Permissions-Step-by-Step-Tutorial-master/vendor/laravel/framework/src/Illuminate/Pipeline/Pipeline.php(167): Illuminate\\Foundation\\Http\\Middleware\\ValidatePostSize->handle()
#50 /home/pablo/dev/CGT/Laravel-8-User-Roles-and-Permissions-Step-by-Step-Tutorial-master/vendor/laravel/framework/src/Illuminate/Foundation/Http/Middleware/PreventRequestsDuringMaintenance.php(86): Illuminate\\Pipeline\\Pipeline->Illuminate\\Pipeline\\{closure}()
#51 /home/pablo/dev/CGT/Laravel-8-User-Roles-and-Permissions-Step-by-Step-Tutorial-master/vendor/laravel/framework/src/Illuminate/Pipeline/Pipeline.php(167): Illuminate\\Foundation\\Http\\Middleware\\PreventRequestsDuringMaintenance->handle()
#52 /home/pablo/dev/CGT/Laravel-8-User-Roles-and-Permissions-Step-by-Step-Tutorial-master/vendor/fruitcake/laravel-cors/src/HandleCors.php(38): Illuminate\\Pipeline\\Pipeline->Illuminate\\Pipeline\\{closure}()
#53 /home/pablo/dev/CGT/Laravel-8-User-Roles-and-Permissions-Step-by-Step-Tutorial-master/vendor/laravel/framework/src/Illuminate/Pipeline/Pipeline.php(167): Fruitcake\\Cors\\HandleCors->handle()
#54 /home/pablo/dev/CGT/Laravel-8-User-Roles-and-Permissions-Step-by-Step-Tutorial-master/vendor/laravel/framework/src/Illuminate/Http/Middleware/TrustProxies.php(39): Illuminate\\Pipeline\\Pipeline->Illuminate\\Pipeline\\{closure}()
#55 /home/pablo/dev/CGT/Laravel-8-User-Roles-and-Permissions-Step-by-Step-Tutorial-master/vendor/laravel/framework/src/Illuminate/Pipeline/Pipeline.php(167): Illuminate\\Http\\Middleware\\TrustProxies->handle()
#56 /home/pablo/dev/CGT/Laravel-8-User-Roles-and-Permissions-Step-by-Step-Tutorial-master/vendor/laravel/framework/src/Illuminate/Pipeline/Pipeline.php(103): Illuminate\\Pipeline\\Pipeline->Illuminate\\Pipeline\\{closure}()
#57 /home/pablo/dev/CGT/Laravel-8-User-Roles-and-Permissions-Step-by-Step-Tutorial-master/vendor/laravel/framework/src/Illuminate/Foundation/Http/Kernel.php(142): Illuminate\\Pipeline\\Pipeline->then()
#58 /home/pablo/dev/CGT/Laravel-8-User-Roles-and-Permissions-Step-by-Step-Tutorial-master/vendor/laravel/framework/src/Illuminate/Foundation/Http/Kernel.php(111): Illuminate\\Foundation\\Http\\Kernel->sendRequestThroughRouter()
#59 /home/pablo/dev/CGT/Laravel-8-User-Roles-and-Permissions-Step-by-Step-Tutorial-master/public/index.php(52): Illuminate\\Foundation\\Http\\Kernel->handle()
#60 /home/pablo/dev/CGT/Laravel-8-User-Roles-and-Permissions-Step-by-Step-Tutorial-master/server.php(21): require_once('...')
#61 {main}

[previous exception] [object] (PDOException(code: 1045): SQLSTATE[HY000] [1045] Access denied for user 'root'@'localhost' (using password: NO) at /home/pablo/dev/CGT/Laravel-8-User-Roles-and-Permissions-Step-by-Step-Tutorial-master/vendor/laravel/framework/src/Illuminate/Database/Connectors/Connector.php:70)
[stacktrace]
#0 /home/pablo/dev/CGT/Laravel-8-User-Roles-and-Permissions-Step-by-Step-Tutorial-master/vendor/laravel/framework/src/Illuminate/Database/Connectors/Connector.php(70): PDO->__construct()
#1 /home/pablo/dev/CGT/Laravel-8-User-Roles-and-Permissions-Step-by-Step-Tutorial-master/vendor/laravel/framework/src/Illuminate/Database/Connectors/Connector.php(46): Illuminate\\Database\\Connectors\\Connector->createPdoConnection()
#2 /home/pablo/dev/CGT/Laravel-8-User-Roles-and-Permissions-Step-by-Step-Tutorial-master/vendor/laravel/framework/src/Illuminate/Database/Connectors/MySqlConnector.php(24): Illuminate\\Database\\Connectors\\Connector->createConnection()
#3 /home/pablo/dev/CGT/Laravel-8-User-Roles-and-Permissions-Step-by-Step-Tutorial-master/vendor/laravel/framework/src/Illuminate/Database/Connectors/ConnectionFactory.php(184): Illuminate\\Database\\Connectors\\MySqlConnector->connect()
#4 [internal function]: Illuminate\\Database\\Connectors\\ConnectionFactory->Illuminate\\Database\\Connectors\\{closure}()
#5 /home/pablo/dev/CGT/Laravel-8-User-Roles-and-Permissions-Step-by-Step-Tutorial-master/vendor/laravel/framework/src/Illuminate/Database/Connection.php(1064): call_user_func()
#6 /home/pablo/dev/CGT/Laravel-8-User-Roles-and-Permissions-Step-by-Step-Tutorial-master/vendor/laravel/framework/src/Illuminate/Database/Connection.php(1100): Illuminate\\Database\\Connection->getPdo()
#7 /home/pablo/dev/CGT/Laravel-8-User-Roles-and-Permissions-Step-by-Step-Tutorial-master/vendor/laravel/framework/src/Illuminate/Database/Connection.php(442): Illuminate\\Database\\Connection->getReadPdo()
#8 /home/pablo/dev/CGT/Laravel-8-User-Roles-and-Permissions-Step-by-Step-Tutorial-master/vendor/laravel/framework/src/Illuminate/Database/Connection.php(368): Illuminate\\Database\\Connection->getPdoForSelect()
#9 /home/pablo/dev/CGT/Laravel-8-User-Roles-and-Permissions-Step-by-Step-Tutorial-master/vendor/laravel/framework/src/Illuminate/Database/Connection.php(705): Illuminate\\Database\\Connection->Illuminate\\Database\\{closure}()
#10 /home/pablo/dev/CGT/Laravel-8-User-Roles-and-Permissions-Step-by-Step-Tutorial-master/vendor/laravel/framework/src/Illuminate/Database/Connection.php(672): Illuminate\\Database\\Connection->runQueryCallback()
#11 /home/pablo/dev/CGT/Laravel-8-User-Roles-and-Permissions-Step-by-Step-Tutorial-master/vendor/laravel/framework/src/Illuminate/Database/Connection.php(376): Illuminate\\Database\\Connection->run()
#12 /home/pablo/dev/CGT/Laravel-8-User-Roles-and-Permissions-Step-by-Step-Tutorial-master/vendor/laravel/framework/src/Illuminate/Database/Query/Builder.php(2414): Illuminate\\Database\\Connection->select()
#13 /home/pablo/dev/CGT/Laravel-8-User-Roles-and-Permissions-Step-by-Step-Tutorial-master/vendor/laravel/framework/src/Illuminate/Database/Query/Builder.php(2402): Illuminate\\Database\\Query\\Builder->runSelect()
#14 /home/pablo/dev/CGT/Laravel-8-User-Roles-and-Permissions-Step-by-Step-Tutorial-master/vendor/laravel/framework/src/Illuminate/Database/Query/Builder.php(2936): Illuminate\\Database\\Query\\Builder->Illuminate\\Database\\Query\\{closure}()
#15 /home/pablo/dev/CGT/Laravel-8-User-Roles-and-Permissions-Step-by-Step-Tutorial-master/vendor/laravel/framework/src/Illuminate/Database/Query/Builder.php(2403): Illuminate\\Database\\Query\\Builder->onceWithColumns()
#16 /home/pablo/dev/CGT/Laravel-8-User-Roles-and-Permissions-Step-by-Step-Tutorial-master/vendor/laravel/framework/src/Illuminate/Database/Eloquent/Builder.php(625): Illuminate\\Database\\Query\\Builder->get()
#17 /home/pablo/dev/CGT/Laravel-8-User-Roles-and-Permissions-Step-by-Step-Tutorial-master/vendor/laravel/framework/src/Illuminate/Database/Eloquent/Builder.php(609): Illuminate\\Database\\Eloquent\\Builder->getModels()
#18 /home/pablo/dev/CGT/Laravel-8-User-Roles-and-Permissions-Step-by-Step-Tutorial-master/vendor/laravel/framework/src/Illuminate/Database/Concerns/BuildsQueries.php(294): Illuminate\\Database\\Eloquent\\Builder->get()
#19 /home/pablo/dev/CGT/Laravel-8-User-Roles-and-Permissions-Step-by-Step-Tutorial-master/vendor/laravel/framework/src/Illuminate/Auth/EloquentUserProvider.php(134): Illuminate\\Database\\Eloquent\\Builder->first()
#20 /home/pablo/dev/CGT/Laravel-8-User-Roles-and-Permissions-Step-by-Step-Tutorial-master/vendor/laravel/framework/src/Illuminate/Auth/SessionGuard.php(268): Illuminate\\Auth\\EloquentUserProvider->retrieveByCredentials()
#21 /home/pablo/dev/CGT/Laravel-8-User-Roles-and-Permissions-Step-by-Step-Tutorial-master/vendor/laravel/framework/src/Illuminate/Auth/AuthManager.php(336): Illuminate\\Auth\\SessionGuard->validate()
#22 /home/pablo/dev/CGT/Laravel-8-User-Roles-and-Permissions-Step-by-Step-Tutorial-master/vendor/laravel/framework/src/Illuminate/Support/Facades/Facade.php(261): Illuminate\\Auth\\AuthManager->__call()
#23 /home/pablo/dev/CGT/Laravel-8-User-Roles-and-Permissions-Step-by-Step-Tutorial-master/app/Http/Controllers/LoginController.php(35): Illuminate\\Support\\Facades\\Facade::__callStatic()
#24 /home/pablo/dev/CGT/Laravel-8-User-Roles-and-Permissions-Step-by-Step-Tutorial-master/vendor/laravel/framework/src/Illuminate/Routing/Controller.php(54): App\\Http\\Controllers\\LoginController->login()
#25 /home/pablo/dev/CGT/Laravel-8-User-Roles-and-Permissions-Step-by-Step-Tutorial-master/vendor/laravel/framework/src/Illuminate/Routing/ControllerDispatcher.php(45): Illuminate\\Routing\\Controller->callAction()
#26 /home/pablo/dev/CGT/Laravel-8-User-Roles-and-Permissions-Step-by-Step-Tutorial-master/vendor/laravel/framework/src/Illuminate/Routing/Route.php(262): Illuminate\\Routing\\ControllerDispatcher->dispatch()
#27 /home/pablo/dev/CGT/Laravel-8-User-Roles-and-Permissions-Step-by-Step-Tutorial-master/vendor/laravel/framework/src/Illuminate/Routing/Route.php(205): Illuminate\\Routing\\Route->runController()
#28 /home/pablo/dev/CGT/Laravel-8-User-Roles-and-Permissions-Step-by-Step-Tutorial-master/vendor/laravel/framework/src/Illuminate/Routing/Router.php(721): Illuminate\\Routing\\Route->run()
#29 /home/pablo/dev/CGT/Laravel-8-User-Roles-and-Permissions-Step-by-Step-Tutorial-master/vendor/laravel/framework/src/Illuminate/Pipeline/Pipeline.php(128): Illuminate\\Routing\\Router->Illuminate\\Routing\\{closure}()
#30 /home/pablo/dev/CGT/Laravel-8-User-Roles-and-Permissions-Step-by-Step-Tutorial-master/app/Http/Middleware/RedirectIfAuthenticated.php(30): Illuminate\\Pipeline\\Pipeline->Illuminate\\Pipeline\\{closure}()
#31 /home/pablo/dev/CGT/Laravel-8-User-Roles-and-Permissions-Step-by-Step-Tutorial-master/vendor/laravel/framework/src/Illuminate/Pipeline/Pipeline.php(167): App\\Http\\Middleware\\RedirectIfAuthenticated->handle()
#32 /home/pablo/dev/CGT/Laravel-8-User-Roles-and-Permissions-Step-by-Step-Tutorial-master/vendor/laravel/framework/src/Illuminate/Routing/Middleware/SubstituteBindings.php(50): Illuminate\\Pipeline\\Pipeline->Illuminate\\Pipeline\\{closure}()
#33 /home/pablo/dev/CGT/Laravel-8-User-Roles-and-Permissions-Step-by-Step-Tutorial-master/vendor/laravel/framework/src/Illuminate/Pipeline/Pipeline.php(167): Illuminate\\Routing\\Middleware\\SubstituteBindings->handle()
#34 /home/pablo/dev/CGT/Laravel-8-User-Roles-and-Permissions-Step-by-Step-Tutorial-master/vendor/laravel/framework/src/Illuminate/Foundation/Http/Middleware/VerifyCsrfToken.php(78): Illuminate\\Pipeline\\Pipeline->Illuminate\\Pipeline\\{closure}()
#35 /home/pablo/dev/CGT/Laravel-8-User-Roles-and-Permissions-Step-by-Step-Tutorial-master/vendor/laravel/framework/src/Illuminate/Pipeline/Pipeline.php(167): Illuminate\\Foundation\\Http\\Middleware\\VerifyCsrfToken->handle()
#36 /home/pablo/dev/CGT/Laravel-8-User-Roles-and-Permissions-Step-by-Step-Tutorial-master/vendor/laravel/framework/src/Illuminate/View/Middleware/ShareErrorsFromSession.php(49): Illuminate\\Pipeline\\Pipeline->Illuminate\\Pipeline\\{closure}()
#37 /home/pablo/dev/CGT/Laravel-8-User-Roles-and-Permissions-Step-by-Step-Tutorial-master/vendor/laravel/framework/src/Illuminate/Pipeline/Pipeline.php(167): Illuminate\\View\\Middleware\\ShareErrorsFromSession->handle()
#38 /home/pablo/dev/CGT/Laravel-8-User-Roles-and-Permissions-Step-by-Step-Tutorial-master/vendor/laravel/framework/src/Illuminate/Session/Middleware/StartSession.php(121): Illuminate\\Pipeline\\Pipeline->Illuminate\\Pipeline\\{closure}()
#39 /home/pablo/dev/CGT/Laravel-8-User-Roles-and-Permissions-Step-by-Step-Tutorial-master/vendor/laravel/framework/src/Illuminate/Session/Middleware/StartSession.php(64): Illuminate\\Session\\Middleware\\StartSession->handleStatefulRequest()
#40 /home/pablo/dev/CGT/Laravel-8-User-Roles-and-Permissions-Step-by-Step-Tutorial-master/vendor/laravel/framework/src/Illuminate/Pipeline/Pipeline.php(167): Illuminate\\Session\\Middleware\\StartSession->handle()
#41 /home/pablo/dev/CGT/Laravel-8-User-Roles-and-Permissions-Step-by-Step-Tutorial-master/vendor/laravel/framework/src/Illuminate/Cookie/Middleware/AddQueuedCookiesToResponse.php(37): Illuminate\\Pipeline\\Pipeline->Illuminate\\Pipeline\\{closure}()
#42 /home/pablo/dev/CGT/Laravel-8-User-Roles-and-Permissions-Step-by-Step-Tutorial-master/vendor/laravel/framework/src/Illuminate/Pipeline/Pipeline.php(167): Illuminate\\Cookie\\Middleware\\AddQueuedCookiesToResponse->handle()
#43 /home/pablo/dev/CGT/Laravel-8-User-Roles-and-Permissions-Step-by-Step-Tutorial-master/vendor/laravel/framework/src/Illuminate/Cookie/Middleware/EncryptCookies.php(67): Illuminate\\Pipeline\\Pipeline->Illuminate\\Pipeline\\{closure}()
#44 /home/pablo/dev/CGT/Laravel-8-User-Roles-and-Permissions-Step-by-Step-Tutorial-master/vendor/laravel/framework/src/Illuminate/Pipeline/Pipeline.php(167): Illuminate\\Cookie\\Middleware\\EncryptCookies->handle()
#45 /home/pablo/dev/CGT/Laravel-8-User-Roles-and-Permissions-Step-by-Step-Tutorial-master/vendor/laravel/framework/src/Illuminate/Pipeline/Pipeline.php(103): Illuminate\\Pipeline\\Pipeline->Illuminate\\Pipeline\\{closure}()
#46 /home/pablo/dev/CGT/Laravel-8-User-Roles-and-Permissions-Step-by-Step-Tutorial-master/vendor/laravel/framework/src/Illuminate/Routing/Router.php(723): Illuminate\\Pipeline\\Pipeline->then()
#47 /home/pablo/dev/CGT/Laravel-8-User-Roles-and-Permissions-Step-by-Step-Tutorial-master/vendor/laravel/framework/src/Illuminate/Routing/Router.php(698): Illuminate\\Routing\\Router->runRouteWithinStack()
#48 /home/pablo/dev/CGT/Laravel-8-User-Roles-and-Permissions-Step-by-Step-Tutorial-master/vendor/laravel/framework/src/Illuminate/Routing/Router.php(662): Illuminate\\Routing\\Router->runRoute()
#49 /home/pablo/dev/CGT/Laravel-8-User-Roles-and-Permissions-Step-by-Step-Tutorial-master/vendor/laravel/framework/src/Illuminate/Routing/Router.php(651): Illuminate\\Routing\\Router->dispatchToRoute()
#50 /home/pablo/dev/CGT/Laravel-8-User-Roles-and-Permissions-Step-by-Step-Tutorial-master/vendor/laravel/framework/src/Illuminate/Foundation/Http/Kernel.php(167): Illuminate\\Routing\\Router->dispatch()
#51 /home/pablo/dev/CGT/Laravel-8-User-Roles-and-Permissions-Step-by-Step-Tutorial-master/vendor/laravel/framework/src/Illuminate/Pipeline/Pipeline.php(128): Illuminate\\Foundation\\Http\\Kernel->Illuminate\\Foundation\\Http\\{closure}()
#52 /home/pablo/dev/CGT/Laravel-8-User-Roles-and-Permissions-Step-by-Step-Tutorial-master/vendor/laravel/framework/src/Illuminate/Foundation/Http/Middleware/TransformsRequest.php(21): Illuminate\\Pipeline\\Pipeline->Illuminate\\Pipeline\\{closure}()
#53 /home/pablo/dev/CGT/Laravel-8-User-Roles-and-Permissions-Step-by-Step-Tutorial-master/vendor/laravel/framework/src/Illuminate/Foundation/Http/Middleware/ConvertEmptyStringsToNull.php(31): Illuminate\\Foundation\\Http\\Middleware\\TransformsRequest->handle()
#54 /home/pablo/dev/CGT/Laravel-8-User-Roles-and-Permissions-Step-by-Step-Tutorial-master/vendor/laravel/framework/src/Illuminate/Pipeline/Pipeline.php(167): Illuminate\\Foundation\\Http\\Middleware\\ConvertEmptyStringsToNull->handle()
#55 /home/pablo/dev/CGT/Laravel-8-User-Roles-and-Permissions-Step-by-Step-Tutorial-master/vendor/laravel/framework/src/Illuminate/Foundation/Http/Middleware/TransformsRequest.php(21): Illuminate\\Pipeline\\Pipeline->Illuminate\\Pipeline\\{closure}()
#56 /home/pablo/dev/CGT/Laravel-8-User-Roles-and-Permissions-Step-by-Step-Tutorial-master/vendor/laravel/framework/src/Illuminate/Foundation/Http/Middleware/TrimStrings.php(40): Illuminate\\Foundation\\Http\\Middleware\\TransformsRequest->handle()
#57 /home/pablo/dev/CGT/Laravel-8-User-Roles-and-Permissions-Step-by-Step-Tutorial-master/vendor/laravel/framework/src/Illuminate/Pipeline/Pipeline.php(167): Illuminate\\Foundation\\Http\\Middleware\\TrimStrings->handle()
#58 /home/pablo/dev/CGT/Laravel-8-User-Roles-and-Permissions-Step-by-Step-Tutorial-master/vendor/laravel/framework/src/Illuminate/Foundation/Http/Middleware/ValidatePostSize.php(27): Illuminate\\Pipeline\\Pipeline->Illuminate\\Pipeline\\{closure}()
#59 /home/pablo/dev/CGT/Laravel-8-User-Roles-and-Permissions-Step-by-Step-Tutorial-master/vendor/laravel/framework/src/Illuminate/Pipeline/Pipeline.php(167): Illuminate\\Foundation\\Http\\Middleware\\ValidatePostSize->handle()
#60 /home/pablo/dev/CGT/Laravel-8-User-Roles-and-Permissions-Step-by-Step-Tutorial-master/vendor/laravel/framework/src/Illuminate/Foundation/Http/Middleware/PreventRequestsDuringMaintenance.php(86): Illuminate\\Pipeline\\Pipeline->Illuminate\\Pipeline\\{closure}()
#61 /home/pablo/dev/CGT/Laravel-8-User-Roles-and-Permissions-Step-by-Step-Tutorial-master/vendor/laravel/framework/src/Illuminate/Pipeline/Pipeline.php(167): Illuminate\\Foundation\\Http\\Middleware\\PreventRequestsDuringMaintenance->handle()
#62 /home/pablo/dev/CGT/Laravel-8-User-Roles-and-Permissions-Step-by-Step-Tutorial-master/vendor/fruitcake/laravel-cors/src/HandleCors.php(38): Illuminate\\Pipeline\\Pipeline->Illuminate\\Pipeline\\{closure}()
#63 /home/pablo/dev/CGT/Laravel-8-User-Roles-and-Permissions-Step-by-Step-Tutorial-master/vendor/laravel/framework/src/Illuminate/Pipeline/Pipeline.php(167): Fruitcake\\Cors\\HandleCors->handle()
#64 /home/pablo/dev/CGT/Laravel-8-User-Roles-and-Permissions-Step-by-Step-Tutorial-master/vendor/laravel/framework/src/Illuminate/Http/Middleware/TrustProxies.php(39): Illuminate\\Pipeline\\Pipeline->Illuminate\\Pipeline\\{closure}()
#65 /home/pablo/dev/CGT/Laravel-8-User-Roles-and-Permissions-Step-by-Step-Tutorial-master/vendor/laravel/framework/src/Illuminate/Pipeline/Pipeline.php(167): Illuminate\\Http\\Middleware\\TrustProxies->handle()
#66 /home/pablo/dev/CGT/Laravel-8-User-Roles-and-Permissions-Step-by-Step-Tutorial-master/vendor/laravel/framework/src/Illuminate/Pipeline/Pipeline.php(103): Illuminate\\Pipeline\\Pipeline->Illuminate\\Pipeline\\{closure}()
#67 /home/pablo/dev/CGT/Laravel-8-User-Roles-and-Permissions-Step-by-Step-Tutorial-master/vendor/laravel/framework/src/Illuminate/Foundation/Http/Kernel.php(142): Illuminate\\Pipeline\\Pipeline->then()
#68 /home/pablo/dev/CGT/Laravel-8-User-Roles-and-Permissions-Step-by-Step-Tutorial-master/vendor/laravel/framework/src/Illuminate/Foundation/Http/Kernel.php(111): Illuminate\\Foundation\\Http\\Kernel->sendRequestThroughRouter()
#69 /home/pablo/dev/CGT/Laravel-8-User-Roles-and-Permissions-Step-by-Step-Tutorial-master/public/index.php(52): Illuminate\\Foundation\\Http\\Kernel->handle()
#70 /home/pablo/dev/CGT/Laravel-8-User-Roles-and-Permissions-Step-by-Step-Tutorial-master/server.php(21): require_once('...')
#71 {main}
"} 
